#
# A fatal error has been detected by the Java Runtime Environment:
#
#  EXCEPTION_ACCESS_VIOLATION (0xc0000005) at pc=0x0000000002bf1513, pid=1100, tid=9164
#
# JRE version: 7.0_05-b06
# Java VM: Java HotSpot(TM) 64-Bit Server VM (23.1-b03 mixed mode windows-amd64 compressed oops)
# Problematic frame:
# J  fortbuilder.FortBuilder.gameUpdate()V
#
# Failed to write core dump. Minidumps are not enabled by default on client versions of Windows
#
# If you would like to submit a bug report, please visit:
#   http://bugreport.sun.com/bugreport/crash.jsp
#

---------------  T H R E A D  ---------------

Current thread (0x000000001143d800):  JavaThread "Thread-3" [_thread_in_Java, id=9164, stack(0x0000000014e30000,0x0000000014f30000)]

siginfo: ExceptionCode=0xc0000005, reading address 0x0000000000000014

Registers:
RAX=0x000000000217f000, RBX=0x0000000000000013, RCX=0x00000000f8114670, RDX=0x0000000000000003
RSP=0x0000000014f2f690, RBP=0x00000000f8114832, RSI=0x0000000000000027, RDI=0x000000000217f000
R8 =0x0000000000000028, R9 =0x00000000c08a3380, R10=0x00000000f81347a0, R11=0x0000000000000001
R12=0x0000000000000000, R13=0x0000000000000027, R14=0x00000000c07298c0, R15=0x000000001143d800
RIP=0x0000000002bf1513, EFLAGS=0x0000000000010202

Top of Stack: (sp=0x0000000014f2f690)
0x0000000014f2f690:   00000007c0748e28 0000000002b7acca
0x0000000014f2f6a0:   0000000014f2f6a0 0000000002bf11d0
0x0000000014f2f6b0:   0000001300000027 00000007c07298c0
0x0000000014f2f6c0:   0000002800000012 000000073c458388
0x0000000014f2f6d0:   0000000000000000 0000000014f2f700
0x0000000014f2f6e0:   0000000014f2f748 0000000002b661f8
0x0000000014f2f6f0:   0000000014f2f748 0000000002b661f8
0x0000000014f2f700:   00000007c07298c0 0000000014f2f708
0x0000000014f2f710:   000000073c457cdc 0000000014f2f7a8
0x0000000014f2f720:   000000073c4bbb80 0000000000000000
0x0000000014f2f730:   000000073c457d88 0000000014f2f700
0x0000000014f2f740:   0000000014f2f7a8 0000000014f2f7f0
0x0000000014f2f750:   0000000002b668a6 00000007c0ea0f28
0x0000000014f2f760:   000000000003acf3 0000000000000000
0x0000000014f2f770:   000111c9adc880d7 0000000000000000
0x0000000014f2f780:   000000000153158e 0000000000000000 

Instructions: (pc=0x0000000002bf1513)
0x0000000002bf14f3:   45 3b e8 0f 83 b9 02 00 00 4d 8d 14 ec 47 8b 5c
0x0000000002bf1503:   9a 14 45 85 db 0f 84 20 02 00 00 47 8b 54 aa 10
0x0000000002bf1513:   47 8b 44 dc 0c 45 85 c0 0f 84 88 fe ff ff 41 8b
0x0000000002bf1523:   6c 99 0c 45 8b 5c ec 0c 45 3b eb 0f 83 9d 02 00 


Register to memory mapping:

RAX=0x000000000217f000 is an unknown value
RBX=0x0000000000000013 is an unknown value
RCX=0x00000000f8114670 is an unknown value
RDX=0x0000000000000003 is an unknown value
RSP=0x0000000014f2f690 is pointing into the stack for thread: 0x000000001143d800
RBP=0x00000000f8114832 is an unknown value
RSI=0x0000000000000027 is an unknown value
RDI=0x000000000217f000 is an unknown value
R8 =0x0000000000000028 is an unknown value
R9 =0x00000000c08a3380 is an oop
[[Lfortbuilder.Block; 
 - klass: 'fortbuilder/Block'[][]
 - length: 60
R10=0x00000000f81347a0 is an unknown value
R11=0x0000000000000001 is an unknown value
R12=0x0000000000000000 is an unknown value
R13=0x0000000000000027 is an unknown value
R14=0x00000000c07298c0 is an oop
fortbuilder.FortBuilder 
 - klass: 'fortbuilder/FortBuilder'
R15=0x000000001143d800 is a thread


Stack: [0x0000000014e30000,0x0000000014f30000],  sp=0x0000000014f2f690,  free space=1021k
Native frames: (J=compiled Java code, j=interpreted, Vv=VM code, C=native code)
J  fortbuilder.FortBuilder.gameUpdate()V


---------------  P R O C E S S  ---------------

Java Threads: ( => current thread )
  0x000000000273c800 JavaThread "DestroyJavaVM" [_thread_blocked, id=7032, stack(0x0000000002a60000,0x0000000002b60000)]
=>0x000000001143d800 JavaThread "Thread-3" [_thread_in_Java, id=9164, stack(0x0000000014e30000,0x0000000014f30000)]
  0x0000000011294800 JavaThread "D3D Screen Updater" daemon [_thread_blocked, id=6380, stack(0x00000000147a0000,0x00000000148a0000)]
  0x000000001126a000 JavaThread "AWT-EventQueue-0" [_thread_blocked, id=3304, stack(0x00000000142c0000,0x00000000143c0000)]
  0x000000001121d800 JavaThread "AWT-Windows" daemon [_thread_in_native, id=8704, stack(0x0000000010cc0000,0x0000000010dc0000)]
  0x000000001121b000 JavaThread "AWT-Shutdown" [_thread_blocked, id=8536, stack(0x0000000011c80000,0x0000000011d80000)]
  0x000000001121a000 JavaThread "Java2D Disposer" daemon [_thread_blocked, id=3672, stack(0x0000000011b50000,0x0000000011c50000)]
  0x00000000110dd800 JavaThread "Service Thread" daemon [_thread_blocked, id=8672, stack(0x0000000011680000,0x0000000011780000)]
  0x00000000110d8800 JavaThread "C2 CompilerThread1" daemon [_thread_blocked, id=3852, stack(0x0000000011560000,0x0000000011660000)]
  0x00000000110cb800 JavaThread "C2 CompilerThread0" daemon [_thread_blocked, id=8616, stack(0x0000000001e90000,0x0000000001f90000)]
  0x00000000110ca800 JavaThread "Attach Listener" daemon [_thread_blocked, id=8888, stack(0x0000000010a60000,0x0000000010b60000)]
  0x000000000efaf800 JavaThread "Signal Dispatcher" daemon [_thread_blocked, id=7088, stack(0x0000000001d20000,0x0000000001e20000)]
  0x000000000ef76800 JavaThread "Finalizer" daemon [_thread_blocked, id=6568, stack(0x0000000010f80000,0x0000000011080000)]
  0x000000000ef6e000 JavaThread "Reference Handler" daemon [_thread_blocked, id=8504, stack(0x0000000010de0000,0x0000000010ee0000)]

Other Threads:
  0x000000000ef66000 VMThread [stack: 0x0000000010b60000,0x0000000010c60000] [id=8348]
  0x00000000110ee800 WatcherThread [stack: 0x00000000117a0000,0x00000000118a0000] [id=8784]

VM state:not at safepoint (normal execution)

VM Mutex/Monitor currently owned by a thread: None

Heap
 PSYoungGen      total 56960K, used 9063K [0x00000000c06b0000, 0x00000000c4640000, 0x0000000000000000)
  eden space 48832K, 18% used [0x00000000c06b0000,0x00000000c0f89f18,0x00000000c3660000)
  from space 8128K, 0% used [0x00000000c3e50000,0x00000000c3e50000,0x00000000c4640000)
  to   space 8128K, 0% used [0x00000000c3660000,0x00000000c3660000,0x00000000c3e50000)
 ParOldGen       total 130240K, used 0K [0x0000000041400000, 0x0000000049330000, 0x00000000c06b0000)
  object space 130240K, 0% used [0x0000000041400000,0x0000000041400000,0x0000000049330000)
 PSPermGen       total 21248K, used 9076K [0x000000003c200000, 0x000000003d6c0000, 0x0000000041400000)
  object space 21248K, 42% used [0x000000003c200000,0x000000003cadd1f8,0x000000003d6c0000)

Code Cache  [0x0000000002b60000, 0x0000000002dd0000, 0x0000000005b60000)
 total_blobs=433 nmethods=33 adapters=352 free_code_cache=48588Kb largest_free_block=49734016

Compilation events (10 events):
Event: 0.849 Thread 0x00000000110d8800    2 %           fortbuilder.FortBuilder::loadMap @ 17 (151 bytes)
Event: 0.857 Thread 0x00000000110d8800 nmethod 2% 0x0000000002bea5d0 code [0x0000000002bea7e0, 0x0000000002beb1a0]
Event: 0.871 Thread 0x00000000110cb800   27             fortbuilder.FortBuilder::loadMap (151 bytes)
Event: 0.879 Thread 0x00000000110cb800 nmethod 27 0x0000000002beda50 code [0x0000000002bedc40, 0x0000000002bee620]
Event: 1.882 Thread 0x00000000110d8800   28             java.util.IdentityHashMap::clear (39 bytes)
Event: 1.884 Thread 0x00000000110d8800 nmethod 28 0x0000000002be9110 code [0x0000000002be9240, 0x0000000002be9358]
Event: 2.279 Thread 0x00000000110cb800   29             java.util.IdentityHashMap$IdentityHashMapIterator::hasNext (50 bytes)
Event: 2.281 Thread 0x00000000110cb800 nmethod 29 0x0000000002bea210 code [0x0000000002bea340, 0x0000000002bea4f8]
Event: 3.378 Thread 0x00000000110d8800    3 %           fortbuilder.FortBuilder::gameUpdate @ 12 (343 bytes)
Event: 3.389 Thread 0x00000000110d8800 nmethod 3% 0x0000000002bf11d0 code [0x0000000002bf1360, 0x0000000002bf1928]

GC Heap History (0 events):
No events

Deoptimization events (5 events):
Event: 0.805 Thread 0x000000001126a000 Uncommon trap -83 fr.pc 0x0000000002bec1c4
Event: 0.805 Thread 0x000000001126a000 Uncommon trap -83 fr.pc 0x0000000002be2ba4
Event: 3.378 Thread 0x000000001143d800 Uncommon trap -10 fr.pc 0x0000000002be9a80
Event: 3.378 Thread 0x000000001143d800 Uncommon trap -10 fr.pc 0x0000000002be9a80
Event: 3.378 Thread 0x000000001143d800 Uncommon trap -10 fr.pc 0x0000000002be9a80

Internal exceptions (10 events):
Event: 3.387 Thread 0x000000001143d800 Threw 0x00000000c0ea0468 at C:\jdk7u1_64p\jdk7u5\hotspot\src\share\vm\interpreter\interpreterRuntime.cpp:347
Event: 3.387 Thread 0x000000001143d800 Threw 0x00000000c0ea05c0 at C:\jdk7u1_64p\jdk7u5\hotspot\src\share\vm\interpreter\interpreterRuntime.cpp:347
Event: 3.387 Thread 0x000000001143d800 Threw 0x00000000c0ea0718 at C:\jdk7u1_64p\jdk7u5\hotspot\src\share\vm\interpreter\interpreterRuntime.cpp:347
Event: 3.387 Thread 0x000000001143d800 Threw 0x00000000c0ea0870 at C:\jdk7u1_64p\jdk7u5\hotspot\src\share\vm\interpreter\interpreterRuntime.cpp:347
Event: 3.388 Thread 0x000000001143d800 Threw 0x00000000c0ea09c8 at C:\jdk7u1_64p\jdk7u5\hotspot\src\share\vm\interpreter\interpreterRuntime.cpp:347
Event: 3.388 Thread 0x000000001143d800 Threw 0x00000000c0ea0b20 at C:\jdk7u1_64p\jdk7u5\hotspot\src\share\vm\interpreter\interpreterRuntime.cpp:347
Event: 3.388 Thread 0x000000001143d800 Threw 0x00000000c0ea0c78 at C:\jdk7u1_64p\jdk7u5\hotspot\src\share\vm\interpreter\interpreterRuntime.cpp:347
Event: 3.388 Thread 0x000000001143d800 Threw 0x00000000c0ea0dd0 at C:\jdk7u1_64p\jdk7u5\hotspot\src\share\vm\interpreter\interpreterRuntime.cpp:347
Event: 3.389 Thread 0x000000001143d800 Threw 0x00000000c0ea0f28 at C:\jdk7u1_64p\jdk7u5\hotspot\src\share\vm\interpreter\interpreterRuntime.cpp:347
Event: 3.389 Thread 0x000000001143d800 Implicit null exception at 0x0000000002bf1513 to 0x0000000000000000

Events (10 events):
Event: 2.733 loading class 0x00000000026009d0
Event: 2.733 loading class 0x0000000002600c10
Event: 2.733 loading class 0x0000000002600c10 done
Event: 2.733 loading class 0x00000000026009d0 done
Event: 3.378 Thread 0x000000001143d800 DEOPT PACKING pc=0x0000000002be9a80 sp=0x0000000014f2f6a0
Event: 3.378 Thread 0x000000001143d800 DEOPT UNPACKING pc=0x0000000002b99164 sp=0x0000000014f2f658 mode 2
Event: 3.378 Thread 0x000000001143d800 DEOPT PACKING pc=0x0000000002be9a80 sp=0x0000000014f2f6a0
Event: 3.378 Thread 0x000000001143d800 DEOPT UNPACKING pc=0x0000000002b99164 sp=0x0000000014f2f658 mode 2
Event: 3.378 Thread 0x000000001143d800 DEOPT PACKING pc=0x0000000002be9a80 sp=0x0000000014f2f6a0
Event: 3.378 Thread 0x000000001143d800 DEOPT UNPACKING pc=0x0000000002b99164 sp=0x0000000014f2f658 mode 2


Dynamic libraries:
0x000000003f460000 - 0x000000003f493000 	C:\Program Files\Java\jdk1.7.0_05\bin\java.exe
0x0000000077ad0000 - 0x0000000077c7b000 	C:\Windows\SYSTEM32\ntdll.dll
0x00000000778b0000 - 0x00000000779cf000 	C:\Windows\system32\kernel32.dll
0x00000000fdcf0000 - 0x00000000fdd5b000 	C:\Windows\system32\KERNELBASE.dll
0x00000000ff960000 - 0x00000000ffa3b000 	C:\Windows\system32\ADVAPI32.dll
0x00000000fe5a0000 - 0x00000000fe63f000 	C:\Windows\system32\msvcrt.dll
0x00000000fe3d0000 - 0x00000000fe3ef000 	C:\Windows\SYSTEM32\sechost.dll
0x00000000ff680000 - 0x00000000ff7ae000 	C:\Windows\system32\RPCRT4.dll
0x00000000779d0000 - 0x0000000077aca000 	C:\Windows\system32\USER32.dll
0x00000000ff400000 - 0x00000000ff467000 	C:\Windows\system32\GDI32.dll
0x00000000ff5f0000 - 0x00000000ff5fe000 	C:\Windows\system32\LPK.dll
0x00000000fe3f0000 - 0x00000000fe4ba000 	C:\Windows\system32\USP10.dll
0x00000000fc140000 - 0x00000000fc334000 	C:\Windows\WinSxS\amd64_microsoft.windows.common-controls_6595b64144ccf1df_6.0.7600.16385_none_fa645303170382f6\COMCTL32.dll
0x00000000ff600000 - 0x00000000ff671000 	C:\Windows\system32\SHLWAPI.dll
0x00000000fe640000 - 0x00000000fe66e000 	C:\Windows\system32\IMM32.DLL
0x00000000ff7b0000 - 0x00000000ff8b9000 	C:\Windows\system32\MSCTF.dll
0x00000000fd460000 - 0x00000000fd4a4000 	C:\Windows\system32\nvinitx.dll
0x00000000791c0000 - 0x0000000079291000 	C:\Program Files\Java\jdk1.7.0_05\jre\bin\msvcr100.dll
0x000000006d340000 - 0x000000006da5a000 	C:\Program Files\Java\jdk1.7.0_05\jre\bin\server\jvm.dll
0x00000000f3030000 - 0x00000000f3039000 	C:\Windows\system32\WSOCK32.dll
0x00000000ffa40000 - 0x00000000ffa8d000 	C:\Windows\system32\WS2_32.dll
0x00000000fe3a0000 - 0x00000000fe3a8000 	C:\Windows\system32\NSI.dll
0x00000000fb260000 - 0x00000000fb29b000 	C:\Windows\system32\WINMM.dll
0x0000000077c90000 - 0x0000000077c97000 	C:\Windows\system32\PSAPI.DLL
0x000000006d1b0000 - 0x000000006d1bf000 	C:\Program Files\Java\jdk1.7.0_05\jre\bin\verify.dll
0x000000006cf80000 - 0x000000006cfa8000 	C:\Program Files\Java\jdk1.7.0_05\jre\bin\java.dll
0x000000006cea0000 - 0x000000006ceb5000 	C:\Program Files\Java\jdk1.7.0_05\jre\bin\zip.dll
0x00000000118a0000 - 0x0000000011a34000 	C:\Program Files\Java\jdk1.7.0_05\jre\bin\awt.dll
0x00000000fe4c0000 - 0x00000000fe597000 	C:\Windows\system32\OLEAUT32.dll
0x00000000fe190000 - 0x00000000fe391000 	C:\Windows\system32\ole32.dll
0x00000000fca70000 - 0x00000000fca88000 	C:\Windows\system32\DWMAPI.DLL
0x00000000fbf60000 - 0x00000000fbfb6000 	C:\Windows\system32\uxtheme.dll
0x00000000fd880000 - 0x00000000fd88f000 	C:\Windows\system32\CRYPTBASE.dll
0x00000000e82a0000 - 0x00000000e849f000 	C:\Windows\system32\d3d9.dll
0x00000000fcae0000 - 0x00000000fcaec000 	C:\Windows\system32\VERSION.dll
0x00000000f6d50000 - 0x00000000f6d57000 	C:\Windows\system32\d3d8thk.dll
0x00000000e0430000 - 0x00000000e1519000 	C:\Windows\system32\nvd3dumx.dll
0x00000000fc7b0000 - 0x00000000fc7dc000 	C:\Windows\system32\powrprof.dll
0x00000000fdfb0000 - 0x00000000fe187000 	C:\Windows\system32\SETUPAPI.dll
0x00000000fdb00000 - 0x00000000fdb36000 	C:\Windows\system32\CFGMGR32.dll
0x00000000fdae0000 - 0x00000000fdafa000 	C:\Windows\system32\DEVOBJ.dll
0x00000000fe670000 - 0x00000000ff3f6000 	C:\Windows\system32\SHELL32.dll
0x000000006d170000 - 0x000000006d1a4000 	C:\Program Files\Java\jdk1.7.0_05\jre\bin\fontmanager.dll
0x00000000ff8c0000 - 0x00000000ff959000 	C:\Windows\system32\CLBCatQ.DLL
0x00000000fd4d0000 - 0x00000000fd4e7000 	C:\Windows\system32\CRYPTSP.dll
0x00000000fcf40000 - 0x00000000fcf87000 	C:\Windows\system32\rsaenh.dll
0x00000000fccd0000 - 0x00000000fccee000 	C:\Windows\system32\USERENV.dll
0x00000000fda30000 - 0x00000000fda3f000 	C:\Windows\system32\profapi.dll
0x0000000001e40000 - 0x0000000001e59000 	C:\Program Files\Java\jdk1.7.0_05\jre\bin\net.dll
0x00000000fd1d0000 - 0x00000000fd224000 	C:\Windows\system32\mswsock.dll
0x00000000fd4c0000 - 0x00000000fd4c7000 	C:\Windows\System32\wship6.dll
0x00000000fb2a0000 - 0x00000000fb2b5000 	C:\Windows\system32\NLAapi.dll
0x00000000fd060000 - 0x00000000fd0bb000 	C:\Windows\system32\DNSAPI.dll
0x00000000f6b70000 - 0x00000000f6b7b000 	C:\Windows\System32\winrnr.dll
0x00000000f6b50000 - 0x00000000f6b65000 	C:\Windows\system32\napinsp.dll
0x00000000f6b30000 - 0x00000000f6b49000 	C:\Windows\system32\pnrpnsp.dll
0x00000000721f0000 - 0x0000000072216000 	C:\Program Files\Bonjour\mdnsNSP.dll
0x00000000fa620000 - 0x00000000fa647000 	C:\Windows\system32\Iphlpapi.DLL
0x00000000fb020000 - 0x00000000fb02b000 	C:\Windows\system32\WINNSI.DLL
0x00000000f87b0000 - 0x00000000f87df000 	C:\Program Files\Common Files\Microsoft Shared\Windows Live\WLIDNSP.DLL
0x00000000fcbb0000 - 0x00000000fcbb7000 	C:\Windows\System32\wshtcpip.dll
0x00000000f8780000 - 0x00000000f8788000 	C:\Windows\system32\rasadhlp.dll
0x00000000fa4c0000 - 0x00000000fa513000 	C:\Windows\System32\fwpuclnt.dll
0x000000006d130000 - 0x000000006d141000 	C:\Program Files\Java\jdk1.7.0_05\jre\bin\nio.dll

VM Arguments:
jvm_args: -Dfile.encoding=UTF-8 
java_command: fortbuilder.FortBuilder
Launcher Type: SUN_STANDARD

Environment Variables:
PATH=C:\Program Files (x86)\NVIDIA Corporation\PhysX\Common;C:\Program Files\Common Files\Microsoft Shared\Windows Live;C:\Program Files (x86)\Common Files\Microsoft Shared\Windows Live;C:\Windows\system32;C:\Windows;C:\Windows\System32\Wbem;C:\Windows\System32\WindowsPowerShell\v1.0\;C:\Program Files (x86)\Windows Live\Shared;C:\Program Files\TortoiseSVN\bin
USERNAME=Chris
OS=Windows_NT
PROCESSOR_IDENTIFIER=Intel64 Family 6 Model 42 Stepping 7, GenuineIntel



---------------  S Y S T E M  ---------------

OS: Windows 7 , 64 bit Build 7600 

CPU:total 8 (4 cores per cpu, 2 threads per core) family 6 model 42 stepping 7, cmov, cx8, fxsr, mmx, sse, sse2, sse3, ssse3, sse4.1, sse4.2, popcnt, ht, tsc, tscinvbit

Memory: 4k page, physical 12498040k(5821920k free), swap 24994180k(15993940k free)

vm_info: Java HotSpot(TM) 64-Bit Server VM (23.1-b03) for windows-amd64 JRE (1.7.0_05-b06), built on Jun 27 2012 00:54:58 by "java_re" with unknown MS VC++:1600

time: Sun Dec 08 15:05:21 2013
elapsed time: 3 seconds

