#
# A fatal error has been detected by the Java Runtime Environment:
#
#  EXCEPTION_ACCESS_VIOLATION (0xc0000005) at pc=0x0000000002bc0e41, pid=6296, tid=6684
#
# JRE version: 7.0_05-b06
# Java VM: Java HotSpot(TM) 64-Bit Server VM (23.1-b03 mixed mode windows-amd64 compressed oops)
# Problematic frame:
# J  fortbuilder.FortBuilder.gameUpdate()V
#
# Failed to write core dump. Minidumps are not enabled by default on client versions of Windows
#
# If you would like to submit a bug report, please visit:
#   http://bugreport.sun.com/bugreport/crash.jsp
#

---------------  T H R E A D  ---------------

Current thread (0x00000000151fd800):  JavaThread "Thread-3" [_thread_in_Java, id=6684, stack(0x0000000015d10000,0x0000000015e10000)]

siginfo: ExceptionCode=0xc0000005, reading address 0x0000000000000014

Registers:
RAX=0x000000000214f000, RBX=0x0000000000000018, RCX=0x00000000c08a3380, RDX=0x0000000000000019
RSP=0x0000000015e0f290, RBP=0x00000000f81148a0, RSI=0x000000000214f000, RDI=0x000000000000003c
R8 =0x00000000f8134742, R9 =0x00000000f8134742, R10=0x00000000c08a4500, R11=0x0000000000000001
R12=0x0000000000000000, R13=0x0000000000000027, R14=0x00000000c07298b8, R15=0x00000000151fd800
RIP=0x0000000002bc0e41, EFLAGS=0x0000000000010202

Top of Stack: (sp=0x0000000015e0f290)
0x0000000015e0f290:   00000007c0748e20 0000000002b4acca
0x0000000015e0f2a0:   0000000015e0f2a0 0000000002bc0b10
0x0000000015e0f2b0:   0000001800000027 00000007c07298b8
0x0000000015e0f2c0:   0000002800000017 000000073c458380
0x0000000015e0f2d0:   0000000000000000 0000000015e0f300
0x0000000015e0f2e0:   0000000015e0f348 0000000002b361f8
0x0000000015e0f2f0:   0000000015e0f348 0000000002b361f8
0x0000000015e0f300:   00000007c07298b8 0000000015e0f308
0x0000000015e0f310:   000000073c457cdc 0000000015e0f3a8
0x0000000015e0f320:   000000073c4bbb78 0000000000000000
0x0000000015e0f330:   000000073c457d88 0000000015e0f300
0x0000000015e0f340:   0000000015e0f3a8 0000000015e0f3f0
0x0000000015e0f350:   0000000002b368a6 00000007c0e9ea38
0x0000000015e0f360:   00000000000397b9 0000000000000000
0x0000000015e0f370:   00008c0422f04005 0000000000000000
0x0000000015e0f380:   000000000153158e 0000000000000000 

Instructions: (pc=0x0000000002bc0e41)
0x0000000002bc0e21:   45 3b e9 0f 83 9f 02 00 00 4d 8d 14 ec 47 8b 5c
0x0000000002bc0e31:   9a 14 45 85 db 0f 84 2a 02 00 00 47 8b 4c aa 10
0x0000000002bc0e41:   47 8b 54 dc 0c 45 85 d2 0f 84 9a fe ff ff 8b 6c
0x0000000002bc0e51:   99 0c 45 8b 54 ec 0c 45 3b ea 0f 83 a8 02 00 00 


Register to memory mapping:

RAX=0x000000000214f000 is an unknown value
RBX=0x0000000000000018 is an unknown value
RCX=0x00000000c08a3380 is an oop
[[Lfortbuilder.Block; 
 - klass: 'fortbuilder/Block'[][]
 - length: 60
RDX=0x0000000000000019 is an unknown value
RSP=0x0000000015e0f290 is pointing into the stack for thread: 0x00000000151fd800
RBP=0x00000000f81148a0 is an unknown value
RSI=0x000000000214f000 is an unknown value
RDI=0x000000000000003c is an unknown value
R8 =0x00000000f8134742 is an unknown value
R9 =0x00000000f8134742 is an unknown value
R10=0x00000000c08a4500 is an oop
[Lfortbuilder.Block; 
 - klass: 'fortbuilder/Block'[]
 - length: 40
R11=0x0000000000000001 is an unknown value
R12=0x0000000000000000 is an unknown value
R13=0x0000000000000027 is an unknown value
R14=0x00000000c07298b8 is an oop
fortbuilder.FortBuilder 
 - klass: 'fortbuilder/FortBuilder'
R15=0x00000000151fd800 is a thread


Stack: [0x0000000015d10000,0x0000000015e10000],  sp=0x0000000015e0f290,  free space=1020k
Native frames: (J=compiled Java code, j=interpreted, Vv=VM code, C=native code)
J  fortbuilder.FortBuilder.gameUpdate()V

[error occurred during error reporting (printing native stack), id 0xc0000005]


---------------  P R O C E S S  ---------------

Java Threads: ( => current thread )
  0x000000000273c800 JavaThread "DestroyJavaVM" [_thread_blocked, id=6072, stack(0x0000000002a30000,0x0000000002b30000)]
=>0x00000000151fd800 JavaThread "Thread-3" [_thread_in_Java, id=6684, stack(0x0000000015d10000,0x0000000015e10000)]
  0x000000001110e000 JavaThread "D3D Screen Updater" daemon [_thread_blocked, id=6640, stack(0x0000000014a10000,0x0000000014b10000)]
  0x00000000110cb000 JavaThread "AWT-EventQueue-0" [_thread_blocked, id=2916, stack(0x0000000014450000,0x0000000014550000)]
  0x000000001107e800 JavaThread "AWT-Windows" daemon [_thread_in_native, id=5648, stack(0x0000000011e20000,0x0000000011f20000)]
  0x000000001107c000 JavaThread "AWT-Shutdown" [_thread_blocked, id=6436, stack(0x0000000011980000,0x0000000011a80000)]
  0x000000001107b000 JavaThread "Java2D Disposer" daemon [_thread_blocked, id=6252, stack(0x0000000011b30000,0x0000000011c30000)]
  0x0000000010f3d000 JavaThread "Service Thread" daemon [_thread_blocked, id=3868, stack(0x00000000116e0000,0x00000000117e0000)]
  0x0000000010f38000 JavaThread "C2 CompilerThread1" daemon [_thread_blocked, id=6312, stack(0x00000000112f0000,0x00000000113f0000)]
  0x0000000010f1b800 JavaThread "C2 CompilerThread0" daemon [_thread_blocked, id=4680, stack(0x0000000011450000,0x0000000011550000)]
  0x0000000010f1a800 JavaThread "Attach Listener" daemon [_thread_blocked, id=6344, stack(0x0000000010a50000,0x0000000010b50000)]
  0x000000000eecf800 JavaThread "Signal Dispatcher" daemon [_thread_blocked, id=5768, stack(0x0000000001f50000,0x0000000002050000)]
  0x000000000ee96800 JavaThread "Finalizer" daemon [_thread_blocked, id=5764, stack(0x0000000010dd0000,0x0000000010ed0000)]
  0x000000000ee8e000 JavaThread "Reference Handler" daemon [_thread_blocked, id=6208, stack(0x0000000010c90000,0x0000000010d90000)]

Other Threads:
  0x000000000ee86000 VMThread [stack: 0x0000000010b50000,0x0000000010c50000] [id=3012]
  0x0000000010f55800 WatcherThread [stack: 0x00000000115d0000,0x00000000116d0000] [id=2184]

VM state:not at safepoint (normal execution)

VM Mutex/Monitor currently owned by a thread: None

Heap
 PSYoungGen      total 56960K, used 9063K [0x00000000c06b0000, 0x00000000c4640000, 0x0000000000000000)
  eden space 48832K, 18% used [0x00000000c06b0000,0x00000000c0f89ec0,0x00000000c3660000)
  from space 8128K, 0% used [0x00000000c3e50000,0x00000000c3e50000,0x00000000c4640000)
  to   space 8128K, 0% used [0x00000000c3660000,0x00000000c3660000,0x00000000c3e50000)
 ParOldGen       total 130240K, used 0K [0x0000000041400000, 0x0000000049330000, 0x00000000c06b0000)
  object space 130240K, 0% used [0x0000000041400000,0x0000000041400000,0x0000000049330000)
 PSPermGen       total 21248K, used 9074K [0x000000003c200000, 0x000000003d6c0000, 0x0000000041400000)
  object space 21248K, 42% used [0x000000003c200000,0x000000003cadcab0,0x000000003d6c0000)

Code Cache  [0x0000000002b30000, 0x0000000002da0000, 0x0000000005b30000)
 total_blobs=432 nmethods=32 adapters=352 free_code_cache=48589Kb largest_free_block=49735808

Compilation events (10 events):
Event: 0.334 Thread 0x0000000010f38000   26             fortbuilder.FortBuilder::gameUpdate (337 bytes)
Event: 0.349 Thread 0x0000000010f38000 nmethod 26 0x0000000002bb6810 code [0x0000000002bb69a0, 0x0000000002bb6f68]
Event: 1.434 Thread 0x0000000010f1b800    2 %           fortbuilder.FortBuilder::loadMap @ 17 (151 bytes)
Event: 1.451 Thread 0x0000000010f1b800 nmethod 2% 0x0000000002bb7ad0 code [0x0000000002bb7ce0, 0x0000000002bb86a0]
Event: 1.455 Thread 0x0000000010f38000   27             fortbuilder.FortBuilder::loadMap (151 bytes)
Event: 1.470 Thread 0x0000000010f38000 nmethod 27 0x0000000002bbd390 code [0x0000000002bbd580, 0x0000000002bbdf60]
Event: 1.829 Thread 0x0000000010f1b800   28             java.util.IdentityHashMap::clear (39 bytes)
Event: 1.830 Thread 0x0000000010f1b800 nmethod 28 0x0000000002bb4b90 code [0x0000000002bb4cc0, 0x0000000002bb4dd8]
Event: 2.181 Thread 0x0000000010f38000    3 %           fortbuilder.FortBuilder::gameUpdate @ 12 (337 bytes)
Event: 2.192 Thread 0x0000000010f38000 nmethod 3% 0x0000000002bc0b10 code [0x0000000002bc0ca0, 0x0000000002bc1248]

GC Heap History (0 events):
No events

Deoptimization events (5 events):
Event: 1.411 Thread 0x00000000110cb000 Uncommon trap -83 fr.pc 0x0000000002bbbb04
Event: 1.411 Thread 0x00000000110cb000 Uncommon trap -83 fr.pc 0x0000000002bb55e4
Event: 2.180 Thread 0x00000000151fd800 Uncommon trap -10 fr.pc 0x0000000002bb6eac
Event: 2.181 Thread 0x00000000151fd800 Uncommon trap -10 fr.pc 0x0000000002bb6eac
Event: 2.181 Thread 0x00000000151fd800 Uncommon trap -10 fr.pc 0x0000000002bb6eac

Internal exceptions (10 events):
Event: 2.190 Thread 0x00000000151fd800 Threw 0x00000000c0e9df78 at C:\jdk7u1_64p\jdk7u5\hotspot\src\share\vm\interpreter\interpreterRuntime.cpp:347
Event: 2.190 Thread 0x00000000151fd800 Threw 0x00000000c0e9e0d0 at C:\jdk7u1_64p\jdk7u5\hotspot\src\share\vm\interpreter\interpreterRuntime.cpp:347
Event: 2.191 Thread 0x00000000151fd800 Threw 0x00000000c0e9e228 at C:\jdk7u1_64p\jdk7u5\hotspot\src\share\vm\interpreter\interpreterRuntime.cpp:347
Event: 2.191 Thread 0x00000000151fd800 Threw 0x00000000c0e9e380 at C:\jdk7u1_64p\jdk7u5\hotspot\src\share\vm\interpreter\interpreterRuntime.cpp:347
Event: 2.191 Thread 0x00000000151fd800 Threw 0x00000000c0e9e4d8 at C:\jdk7u1_64p\jdk7u5\hotspot\src\share\vm\interpreter\interpreterRuntime.cpp:347
Event: 2.191 Thread 0x00000000151fd800 Threw 0x00000000c0e9e630 at C:\jdk7u1_64p\jdk7u5\hotspot\src\share\vm\interpreter\interpreterRuntime.cpp:347
Event: 2.192 Thread 0x00000000151fd800 Threw 0x00000000c0e9e788 at C:\jdk7u1_64p\jdk7u5\hotspot\src\share\vm\interpreter\interpreterRuntime.cpp:347
Event: 2.192 Thread 0x00000000151fd800 Threw 0x00000000c0e9e8e0 at C:\jdk7u1_64p\jdk7u5\hotspot\src\share\vm\interpreter\interpreterRuntime.cpp:347
Event: 2.192 Thread 0x00000000151fd800 Threw 0x00000000c0e9ea38 at C:\jdk7u1_64p\jdk7u5\hotspot\src\share\vm\interpreter\interpreterRuntime.cpp:347
Event: 2.192 Thread 0x00000000151fd800 Implicit null exception at 0x0000000002bc0e41 to 0x0000000000000000

Events (10 events):
Event: 1.411 Thread 0x00000000110cb000 DEOPT PACKING pc=0x0000000002bbbb04 sp=0x000000001454df00
Event: 1.411 Thread 0x00000000110cb000 DEOPT UNPACKING pc=0x0000000002b69164 sp=0x000000001454de60 mode 2
Event: 1.411 Thread 0x00000000110cb000 DEOPT PACKING pc=0x0000000002bb55e4 sp=0x000000001454dea0
Event: 1.411 Thread 0x00000000110cb000 DEOPT UNPACKING pc=0x0000000002b69164 sp=0x000000001454de50 mode 2
Event: 2.180 Thread 0x00000000151fd800 DEOPT PACKING pc=0x0000000002bb6eac sp=0x0000000015e0f2a0
Event: 2.180 Thread 0x00000000151fd800 DEOPT UNPACKING pc=0x0000000002b69164 sp=0x0000000015e0f258 mode 2
Event: 2.181 Thread 0x00000000151fd800 DEOPT PACKING pc=0x0000000002bb6eac sp=0x0000000015e0f2a0
Event: 2.181 Thread 0x00000000151fd800 DEOPT UNPACKING pc=0x0000000002b69164 sp=0x0000000015e0f258 mode 2
Event: 2.181 Thread 0x00000000151fd800 DEOPT PACKING pc=0x0000000002bb6eac sp=0x0000000015e0f2a0
Event: 2.181 Thread 0x00000000151fd800 DEOPT UNPACKING pc=0x0000000002b69164 sp=0x0000000015e0f258 mode 2


Dynamic libraries:
0x000000003f960000 - 0x000000003f993000 	C:\Program Files\Java\jdk1.7.0_05\bin\java.exe
0x0000000077ad0000 - 0x0000000077c7b000 	C:\Windows\SYSTEM32\ntdll.dll
0x00000000778b0000 - 0x00000000779cf000 	C:\Windows\system32\kernel32.dll
0x00000000fdcf0000 - 0x00000000fdd5b000 	C:\Windows\system32\KERNELBASE.dll
0x00000000ff960000 - 0x00000000ffa3b000 	C:\Windows\system32\ADVAPI32.dll
0x00000000fe5a0000 - 0x00000000fe63f000 	C:\Windows\system32\msvcrt.dll
0x00000000fe3d0000 - 0x00000000fe3ef000 	C:\Windows\SYSTEM32\sechost.dll
0x00000000ff680000 - 0x00000000ff7ae000 	C:\Windows\system32\RPCRT4.dll
0x00000000779d0000 - 0x0000000077aca000 	C:\Windows\system32\USER32.dll
0x00000000ff400000 - 0x00000000ff467000 	C:\Windows\system32\GDI32.dll
0x00000000ff5f0000 - 0x00000000ff5fe000 	C:\Windows\system32\LPK.dll
0x00000000fe3f0000 - 0x00000000fe4ba000 	C:\Windows\system32\USP10.dll
0x00000000fc140000 - 0x00000000fc334000 	C:\Windows\WinSxS\amd64_microsoft.windows.common-controls_6595b64144ccf1df_6.0.7600.16385_none_fa645303170382f6\COMCTL32.dll
0x00000000ff600000 - 0x00000000ff671000 	C:\Windows\system32\SHLWAPI.dll
0x00000000fe640000 - 0x00000000fe66e000 	C:\Windows\system32\IMM32.DLL
0x00000000ff7b0000 - 0x00000000ff8b9000 	C:\Windows\system32\MSCTF.dll
0x00000000fd460000 - 0x00000000fd4a4000 	C:\Windows\system32\nvinitx.dll
0x00000000791c0000 - 0x0000000079291000 	C:\Program Files\Java\jdk1.7.0_05\jre\bin\msvcr100.dll
0x000000006d340000 - 0x000000006da5a000 	C:\Program Files\Java\jdk1.7.0_05\jre\bin\server\jvm.dll
0x00000000f3030000 - 0x00000000f3039000 	C:\Windows\system32\WSOCK32.dll
0x00000000ffa40000 - 0x00000000ffa8d000 	C:\Windows\system32\WS2_32.dll
0x00000000fe3a0000 - 0x00000000fe3a8000 	C:\Windows\system32\NSI.dll
0x00000000fb260000 - 0x00000000fb29b000 	C:\Windows\system32\WINMM.dll
0x0000000077c90000 - 0x0000000077c97000 	C:\Windows\system32\PSAPI.DLL
0x000000006d1b0000 - 0x000000006d1bf000 	C:\Program Files\Java\jdk1.7.0_05\jre\bin\verify.dll
0x000000006cf80000 - 0x000000006cfa8000 	C:\Program Files\Java\jdk1.7.0_05\jre\bin\java.dll
0x000000006cea0000 - 0x000000006ceb5000 	C:\Program Files\Java\jdk1.7.0_05\jre\bin\zip.dll
0x00000000117e0000 - 0x0000000011974000 	C:\Program Files\Java\jdk1.7.0_05\jre\bin\awt.dll
0x00000000fe4c0000 - 0x00000000fe597000 	C:\Windows\system32\OLEAUT32.dll
0x00000000fe190000 - 0x00000000fe391000 	C:\Windows\system32\ole32.dll
0x00000000fca70000 - 0x00000000fca88000 	C:\Windows\system32\DWMAPI.DLL
0x00000000fbf60000 - 0x00000000fbfb6000 	C:\Windows\system32\uxtheme.dll
0x00000000fd880000 - 0x00000000fd88f000 	C:\Windows\system32\CRYPTBASE.dll
0x00000000e82a0000 - 0x00000000e849f000 	C:\Windows\system32\d3d9.dll
0x00000000fcae0000 - 0x00000000fcaec000 	C:\Windows\system32\VERSION.dll
0x00000000f6d50000 - 0x00000000f6d57000 	C:\Windows\system32\d3d8thk.dll
0x00000000e1520000 - 0x00000000e2609000 	C:\Windows\system32\nvd3dumx.dll
0x00000000fc7b0000 - 0x00000000fc7dc000 	C:\Windows\system32\powrprof.dll
0x00000000fdfb0000 - 0x00000000fe187000 	C:\Windows\system32\SETUPAPI.dll
0x00000000fdb00000 - 0x00000000fdb36000 	C:\Windows\system32\CFGMGR32.dll
0x00000000fdae0000 - 0x00000000fdafa000 	C:\Windows\system32\DEVOBJ.dll
0x00000000fe670000 - 0x00000000ff3f6000 	C:\Windows\system32\SHELL32.dll
0x000000006d170000 - 0x000000006d1a4000 	C:\Program Files\Java\jdk1.7.0_05\jre\bin\fontmanager.dll
0x00000000ff8c0000 - 0x00000000ff959000 	C:\Windows\system32\CLBCatQ.DLL
0x00000000fd4d0000 - 0x00000000fd4e7000 	C:\Windows\system32\CRYPTSP.dll
0x00000000fcf40000 - 0x00000000fcf87000 	C:\Windows\system32\rsaenh.dll
0x00000000fccd0000 - 0x00000000fccee000 	C:\Windows\system32\USERENV.dll
0x00000000fda30000 - 0x00000000fda3f000 	C:\Windows\system32\profapi.dll
0x0000000001ef0000 - 0x0000000001f09000 	C:\Program Files\Java\jdk1.7.0_05\jre\bin\net.dll
0x00000000fd1d0000 - 0x00000000fd224000 	C:\Windows\system32\mswsock.dll
0x00000000fd4c0000 - 0x00000000fd4c7000 	C:\Windows\System32\wship6.dll
0x00000000fb2a0000 - 0x00000000fb2b5000 	C:\Windows\system32\NLAapi.dll
0x00000000fd060000 - 0x00000000fd0bb000 	C:\Windows\system32\DNSAPI.dll
0x00000000f6b70000 - 0x00000000f6b7b000 	C:\Windows\System32\winrnr.dll
0x00000000f6b50000 - 0x00000000f6b65000 	C:\Windows\system32\napinsp.dll
0x00000000f6b30000 - 0x00000000f6b49000 	C:\Windows\system32\pnrpnsp.dll
0x00000000721f0000 - 0x0000000072216000 	C:\Program Files\Bonjour\mdnsNSP.dll
0x00000000fa620000 - 0x00000000fa647000 	C:\Windows\system32\Iphlpapi.DLL
0x00000000fb020000 - 0x00000000fb02b000 	C:\Windows\system32\WINNSI.DLL
0x00000000f87b0000 - 0x00000000f87df000 	C:\Program Files\Common Files\Microsoft Shared\Windows Live\WLIDNSP.DLL
0x00000000fcbb0000 - 0x00000000fcbb7000 	C:\Windows\System32\wshtcpip.dll
0x00000000f8780000 - 0x00000000f8788000 	C:\Windows\system32\rasadhlp.dll
0x00000000fa4c0000 - 0x00000000fa513000 	C:\Windows\System32\fwpuclnt.dll
0x000000006d130000 - 0x000000006d141000 	C:\Program Files\Java\jdk1.7.0_05\jre\bin\nio.dll

VM Arguments:
jvm_args: -Dfile.encoding=UTF-8 
java_command: fortbuilder.FortBuilder
Launcher Type: SUN_STANDARD

Environment Variables:
PATH=C:\Program Files (x86)\NVIDIA Corporation\PhysX\Common;C:\Program Files\Common Files\Microsoft Shared\Windows Live;C:\Program Files (x86)\Common Files\Microsoft Shared\Windows Live;C:\Windows\system32;C:\Windows;C:\Windows\System32\Wbem;C:\Windows\System32\WindowsPowerShell\v1.0\;C:\Program Files (x86)\Windows Live\Shared;C:\Program Files\TortoiseSVN\bin
USERNAME=Chris
OS=Windows_NT
PROCESSOR_IDENTIFIER=Intel64 Family 6 Model 42 Stepping 7, GenuineIntel



---------------  S Y S T E M  ---------------

OS: Windows 7 , 64 bit Build 7600 

CPU:total 8 (4 cores per cpu, 2 threads per core) family 6 model 42 stepping 7, cmov, cx8, fxsr, mmx, sse, sse2, sse3, ssse3, sse4.1, sse4.2, popcnt, ht, tsc, tscinvbit

Memory: 4k page, physical 12498040k(7413084k free), swap 24994180k(17969660k free)

vm_info: Java HotSpot(TM) 64-Bit Server VM (23.1-b03) for windows-amd64 JRE (1.7.0_05-b06), built on Jun 27 2012 00:54:58 by "java_re" with unknown MS VC++:1600

time: Fri Dec 06 22:13:47 2013
elapsed time: 2 seconds

