#
# A fatal error has been detected by the Java Runtime Environment:
#
#  EXCEPTION_ACCESS_VIOLATION (0xc0000005) at pc=0x0000000002c60188, pid=4376, tid=5256
#
# JRE version: 7.0_05-b06
# Java VM: Java HotSpot(TM) 64-Bit Server VM (23.1-b03 mixed mode windows-amd64 compressed oops)
# Problematic frame:
# J  fortbuilder.FortBuilder.gameUpdate()V
#
# Failed to write core dump. Minidumps are not enabled by default on client versions of Windows
#
# If you would like to submit a bug report, please visit:
#   http://bugreport.sun.com/bugreport/crash.jsp
#

---------------  T H R E A D  ---------------

Current thread (0x0000000010f4b800):  JavaThread "Thread-3" [_thread_in_Java, id=5256, stack(0x0000000015700000,0x0000000015800000)]

siginfo: ExceptionCode=0xc0000005, reading address 0x0000000000000014

Registers:
RAX=0x0000000000000015, RBX=0x0000000000000014, RCX=0x00000000f81347b2, RDX=0x00000000c08a3380
RSP=0x00000000157ff470, RBP=0x00000000f8114848, RSI=0x0000000003e04d1e, RDI=0x00000000f81347b2
R8 =0x00000000c08a4240, R9 =0x0000000000000001, R10=0x0000000000000026, R11=0x0000000000000027
R12=0x0000000000000000, R13=0x0000000000000027, R14=0x00000000c07298b8, R15=0x0000000010f4b800
RIP=0x0000000002c60188, EFLAGS=0x0000000000010202

Top of Stack: (sp=0x00000000157ff470)
0x00000000157ff470:   00000007c0748e20 0000000002beacca
0x00000000157ff480:   00000000157ff480 0000000002c5fe50
0x00000000157ff490:   0000001400000027 00000007c07298b8
0x00000000157ff4a0:   0000002800000013 000000073c458380
0x00000000157ff4b0:   0000000000000000 00000000157ff4e0
0x00000000157ff4c0:   00000000157ff528 0000000002bd61f8
0x00000000157ff4d0:   00000000157ff528 0000000002bd61f8
0x00000000157ff4e0:   00000007c07298b8 00000000157ff4e8
0x00000000157ff4f0:   000000073c457cdc 00000000157ff588
0x00000000157ff500:   000000073c4bbb78 0000000000000000
0x00000000157ff510:   000000073c457d88 00000000157ff4e0
0x00000000157ff520:   00000000157ff588 00000000157ff5d0
0x00000000157ff530:   0000000002bd68a6 00000007c0e9fa50
0x00000000157ff540:   000000000004348c 0000000000000000
0x00000000157ff550:   00008bfcaa62951a 0000000000000000
0x00000000157ff560:   000000000153158e 0000000000000000 

Instructions: (pc=0x0000000002c60188)
0x0000000002c60168:   45 3b d9 0f 83 9c 02 00 00 4d 8d 04 ec 45 8b 4c
0x0000000002c60178:   b8 14 45 85 c9 0f 84 27 02 00 00 43 8b 7c 98 10
0x0000000002c60188:   47 8b 44 cc 0c 45 85 c0 0f 84 93 fe ff ff 8b 6c
0x0000000002c60198:   9a 0c 45 8b 4c ec 0c 45 3b d9 0f 83 a5 02 00 00 


Register to memory mapping:

RAX=0x0000000000000015 is an unknown value
RBX=0x0000000000000014 is an unknown value
RCX=0x00000000f81347b2 is an unknown value
RDX=0x00000000c08a3380 is an oop
[[Lfortbuilder.Block; 
 - klass: 'fortbuilder/Block'[][]
 - length: 60
RSP=0x00000000157ff470 is pointing into the stack for thread: 0x0000000010f4b800
RBP=0x00000000f8114848 is an unknown value
RSI=0x0000000003e04d1e is an unknown value
RDI=0x00000000f81347b2 is an unknown value
R8 =0x00000000c08a4240 is an oop
[Lfortbuilder.Block; 
 - klass: 'fortbuilder/Block'[]
 - length: 40
R9 =0x0000000000000001 is an unknown value
R10=0x0000000000000026 is an unknown value
R11=0x0000000000000027 is an unknown value
R12=0x0000000000000000 is an unknown value
R13=0x0000000000000027 is an unknown value
R14=0x00000000c07298b8 is an oop
fortbuilder.FortBuilder 
 - klass: 'fortbuilder/FortBuilder'
R15=0x0000000010f4b800 is a thread


Stack: [0x0000000015700000,0x0000000015800000],  sp=0x00000000157ff470,  free space=1021k
Native frames: (J=compiled Java code, j=interpreted, Vv=VM code, C=native code)
J  fortbuilder.FortBuilder.gameUpdate()V

[error occurred during error reporting (printing native stack), id 0xc0000005]


---------------  P R O C E S S  ---------------

Java Threads: ( => current thread )
  0x00000000027dc800 JavaThread "DestroyJavaVM" [_thread_blocked, id=1300, stack(0x0000000002ad0000,0x0000000002bd0000)]
=>0x0000000010f4b800 JavaThread "Thread-3" [_thread_in_Java, id=5256, stack(0x0000000015700000,0x0000000015800000)]
  0x0000000010e55000 JavaThread "D3D Screen Updater" daemon [_thread_blocked, id=2296, stack(0x0000000014810000,0x0000000014910000)]
  0x0000000010e1b800 JavaThread "AWT-EventQueue-0" [_thread_blocked, id=6796, stack(0x0000000014270000,0x0000000014370000)]
  0x0000000010dce000 JavaThread "AWT-Windows" daemon [_thread_in_native, id=5856, stack(0x0000000011cb0000,0x0000000011db0000)]
  0x0000000010dcb000 JavaThread "AWT-Shutdown" [_thread_blocked, id=7084, stack(0x0000000011b00000,0x0000000011c00000)]
  0x0000000010dca000 JavaThread "Java2D Disposer" daemon [_thread_blocked, id=6440, stack(0x00000000118e0000,0x00000000119e0000)]
  0x0000000010c8d000 JavaThread "Service Thread" daemon [_thread_blocked, id=6688, stack(0x0000000011620000,0x0000000011720000)]
  0x0000000010c88000 JavaThread "C2 CompilerThread1" daemon [_thread_blocked, id=3416, stack(0x00000000113c0000,0x00000000114c0000)]
  0x0000000010c7f000 JavaThread "C2 CompilerThread0" daemon [_thread_blocked, id=3288, stack(0x0000000011180000,0x0000000011280000)]
  0x0000000010c7e800 JavaThread "Attach Listener" daemon [_thread_blocked, id=5024, stack(0x0000000011070000,0x0000000011170000)]
  0x000000000ee1f800 JavaThread "Signal Dispatcher" daemon [_thread_blocked, id=7156, stack(0x0000000001f40000,0x0000000002040000)]
  0x000000000ede6800 JavaThread "Finalizer" daemon [_thread_blocked, id=4108, stack(0x0000000010a30000,0x0000000010b30000)]
  0x000000000edde000 JavaThread "Reference Handler" daemon [_thread_blocked, id=6088, stack(0x0000000010b30000,0x0000000010c30000)]

Other Threads:
  0x000000000edd6000 VMThread [stack: 0x0000000010930000,0x0000000010a30000] [id=6264]
  0x0000000010ca5800 WatcherThread [stack: 0x0000000011500000,0x0000000011600000] [id=6504]

VM state:not at safepoint (normal execution)

VM Mutex/Monitor currently owned by a thread: None

Heap
 PSYoungGen      total 56960K, used 9063K [0x00000000c06b0000, 0x00000000c4640000, 0x0000000000000000)
  eden space 48832K, 18% used [0x00000000c06b0000,0x00000000c0f89ed8,0x00000000c3660000)
  from space 8128K, 0% used [0x00000000c3e50000,0x00000000c3e50000,0x00000000c4640000)
  to   space 8128K, 0% used [0x00000000c3660000,0x00000000c3660000,0x00000000c3e50000)
 ParOldGen       total 130240K, used 0K [0x0000000041400000, 0x0000000049330000, 0x00000000c06b0000)
  object space 130240K, 0% used [0x0000000041400000,0x0000000041400000,0x0000000049330000)
 PSPermGen       total 21248K, used 9071K [0x000000003c200000, 0x000000003d6c0000, 0x0000000041400000)
  object space 21248K, 42% used [0x000000003c200000,0x000000003cadbed0,0x000000003d6c0000)

Code Cache  [0x0000000002bd0000, 0x0000000002e40000, 0x0000000005bd0000)
 total_blobs=433 nmethods=33 adapters=352 free_code_cache=48587Kb largest_free_block=49731712

Compilation events (10 events):
Event: 0.658 Thread 0x0000000010c7f000    2 %           fortbuilder.FortBuilder::loadMap @ 17 (151 bytes)
Event: 0.668 Thread 0x0000000010c7f000 nmethod 2% 0x0000000002c57a90 code [0x0000000002c57ca0, 0x0000000002c58660]
Event: 0.679 Thread 0x0000000010c88000   27             fortbuilder.FortBuilder::loadMap (151 bytes)
Event: 0.689 Thread 0x0000000010c88000 nmethod 27 0x0000000002c5d350 code [0x0000000002c5d540, 0x0000000002c5df20]
Event: 1.844 Thread 0x0000000010c7f000   28             java.util.IdentityHashMap::clear (39 bytes)
Event: 1.846 Thread 0x0000000010c7f000 nmethod 28 0x0000000002c564d0 code [0x0000000002c56600, 0x0000000002c56718]
Event: 2.242 Thread 0x0000000010c88000   30             java.util.IdentityHashMap$IdentityHashMapIterator::hasNext (50 bytes)
Event: 2.246 Thread 0x0000000010c88000 nmethod 30 0x0000000002c5ee50 code [0x0000000002c5ef80, 0x0000000002c5f138]
Event: 2.724 Thread 0x0000000010c7f000    3 %           fortbuilder.FortBuilder::gameUpdate @ 12 (337 bytes)
Event: 2.736 Thread 0x0000000010c7f000 nmethod 3% 0x0000000002c5fe50 code [0x0000000002c5ffe0, 0x0000000002c60588]

GC Heap History (0 events):
No events

Deoptimization events (5 events):
Event: 0.636 Thread 0x0000000010e1b800 Uncommon trap -83 fr.pc 0x0000000002c5bac4
Event: 0.636 Thread 0x0000000010e1b800 Uncommon trap -83 fr.pc 0x0000000002c53ca4
Event: 2.724 Thread 0x0000000010f4b800 Uncommon trap -10 fr.pc 0x0000000002c56e6c
Event: 2.724 Thread 0x0000000010f4b800 Uncommon trap -10 fr.pc 0x0000000002c56e6c
Event: 2.724 Thread 0x0000000010f4b800 Uncommon trap -10 fr.pc 0x0000000002c56e6c

Internal exceptions (10 events):
Event: 2.733 Thread 0x0000000010f4b800 Threw 0x00000000c0e9ef90 at C:\jdk7u1_64p\jdk7u5\hotspot\src\share\vm\interpreter\interpreterRuntime.cpp:347
Event: 2.734 Thread 0x0000000010f4b800 Threw 0x00000000c0e9f0e8 at C:\jdk7u1_64p\jdk7u5\hotspot\src\share\vm\interpreter\interpreterRuntime.cpp:347
Event: 2.734 Thread 0x0000000010f4b800 Threw 0x00000000c0e9f240 at C:\jdk7u1_64p\jdk7u5\hotspot\src\share\vm\interpreter\interpreterRuntime.cpp:347
Event: 2.734 Thread 0x0000000010f4b800 Threw 0x00000000c0e9f398 at C:\jdk7u1_64p\jdk7u5\hotspot\src\share\vm\interpreter\interpreterRuntime.cpp:347
Event: 2.734 Thread 0x0000000010f4b800 Threw 0x00000000c0e9f4f0 at C:\jdk7u1_64p\jdk7u5\hotspot\src\share\vm\interpreter\interpreterRuntime.cpp:347
Event: 2.735 Thread 0x0000000010f4b800 Threw 0x00000000c0e9f648 at C:\jdk7u1_64p\jdk7u5\hotspot\src\share\vm\interpreter\interpreterRuntime.cpp:347
Event: 2.735 Thread 0x0000000010f4b800 Threw 0x00000000c0e9f7a0 at C:\jdk7u1_64p\jdk7u5\hotspot\src\share\vm\interpreter\interpreterRuntime.cpp:347
Event: 2.735 Thread 0x0000000010f4b800 Threw 0x00000000c0e9f8f8 at C:\jdk7u1_64p\jdk7u5\hotspot\src\share\vm\interpreter\interpreterRuntime.cpp:347
Event: 2.736 Thread 0x0000000010f4b800 Threw 0x00000000c0e9fa50 at C:\jdk7u1_64p\jdk7u5\hotspot\src\share\vm\interpreter\interpreterRuntime.cpp:347
Event: 2.736 Thread 0x0000000010f4b800 Implicit null exception at 0x0000000002c60188 to 0x0000000000000000

Events (10 events):
Event: 1.641 loading class 0x00000000026809d0
Event: 1.641 loading class 0x0000000002680c10
Event: 1.641 loading class 0x0000000002680c10 done
Event: 1.641 loading class 0x00000000026809d0 done
Event: 2.724 Thread 0x0000000010f4b800 DEOPT PACKING pc=0x0000000002c56e6c sp=0x00000000157ff480
Event: 2.724 Thread 0x0000000010f4b800 DEOPT UNPACKING pc=0x0000000002c09164 sp=0x00000000157ff438 mode 2
Event: 2.724 Thread 0x0000000010f4b800 DEOPT PACKING pc=0x0000000002c56e6c sp=0x00000000157ff480
Event: 2.724 Thread 0x0000000010f4b800 DEOPT UNPACKING pc=0x0000000002c09164 sp=0x00000000157ff438 mode 2
Event: 2.724 Thread 0x0000000010f4b800 DEOPT PACKING pc=0x0000000002c56e6c sp=0x00000000157ff480
Event: 2.724 Thread 0x0000000010f4b800 DEOPT UNPACKING pc=0x0000000002c09164 sp=0x00000000157ff438 mode 2


Dynamic libraries:
0x000000003f350000 - 0x000000003f383000 	C:\Program Files\Java\jdk1.7.0_05\bin\java.exe
0x0000000077ad0000 - 0x0000000077c7b000 	C:\Windows\SYSTEM32\ntdll.dll
0x00000000778b0000 - 0x00000000779cf000 	C:\Windows\system32\kernel32.dll
0x00000000fdcf0000 - 0x00000000fdd5b000 	C:\Windows\system32\KERNELBASE.dll
0x00000000ff960000 - 0x00000000ffa3b000 	C:\Windows\system32\ADVAPI32.dll
0x00000000fe5a0000 - 0x00000000fe63f000 	C:\Windows\system32\msvcrt.dll
0x00000000fe3d0000 - 0x00000000fe3ef000 	C:\Windows\SYSTEM32\sechost.dll
0x00000000ff680000 - 0x00000000ff7ae000 	C:\Windows\system32\RPCRT4.dll
0x00000000779d0000 - 0x0000000077aca000 	C:\Windows\system32\USER32.dll
0x00000000ff400000 - 0x00000000ff467000 	C:\Windows\system32\GDI32.dll
0x00000000ff5f0000 - 0x00000000ff5fe000 	C:\Windows\system32\LPK.dll
0x00000000fe3f0000 - 0x00000000fe4ba000 	C:\Windows\system32\USP10.dll
0x00000000fc140000 - 0x00000000fc334000 	C:\Windows\WinSxS\amd64_microsoft.windows.common-controls_6595b64144ccf1df_6.0.7600.16385_none_fa645303170382f6\COMCTL32.dll
0x00000000ff600000 - 0x00000000ff671000 	C:\Windows\system32\SHLWAPI.dll
0x00000000fe640000 - 0x00000000fe66e000 	C:\Windows\system32\IMM32.DLL
0x00000000ff7b0000 - 0x00000000ff8b9000 	C:\Windows\system32\MSCTF.dll
0x00000000fd460000 - 0x00000000fd4a4000 	C:\Windows\system32\nvinitx.dll
0x00000000791c0000 - 0x0000000079291000 	C:\Program Files\Java\jdk1.7.0_05\jre\bin\msvcr100.dll
0x000000006d340000 - 0x000000006da5a000 	C:\Program Files\Java\jdk1.7.0_05\jre\bin\server\jvm.dll
0x00000000f3030000 - 0x00000000f3039000 	C:\Windows\system32\WSOCK32.dll
0x00000000ffa40000 - 0x00000000ffa8d000 	C:\Windows\system32\WS2_32.dll
0x00000000fe3a0000 - 0x00000000fe3a8000 	C:\Windows\system32\NSI.dll
0x00000000fb260000 - 0x00000000fb29b000 	C:\Windows\system32\WINMM.dll
0x0000000077c90000 - 0x0000000077c97000 	C:\Windows\system32\PSAPI.DLL
0x000000006d1b0000 - 0x000000006d1bf000 	C:\Program Files\Java\jdk1.7.0_05\jre\bin\verify.dll
0x000000006cf80000 - 0x000000006cfa8000 	C:\Program Files\Java\jdk1.7.0_05\jre\bin\java.dll
0x000000006cea0000 - 0x000000006ceb5000 	C:\Program Files\Java\jdk1.7.0_05\jre\bin\zip.dll
0x0000000011720000 - 0x00000000118b4000 	C:\Program Files\Java\jdk1.7.0_05\jre\bin\awt.dll
0x00000000fe4c0000 - 0x00000000fe597000 	C:\Windows\system32\OLEAUT32.dll
0x00000000fe190000 - 0x00000000fe391000 	C:\Windows\system32\ole32.dll
0x00000000fca70000 - 0x00000000fca88000 	C:\Windows\system32\DWMAPI.DLL
0x00000000fbf60000 - 0x00000000fbfb6000 	C:\Windows\system32\uxtheme.dll
0x00000000fd880000 - 0x00000000fd88f000 	C:\Windows\system32\CRYPTBASE.dll
0x00000000e82a0000 - 0x00000000e849f000 	C:\Windows\system32\d3d9.dll
0x00000000fcae0000 - 0x00000000fcaec000 	C:\Windows\system32\VERSION.dll
0x00000000f6d50000 - 0x00000000f6d57000 	C:\Windows\system32\d3d8thk.dll
0x00000000e0350000 - 0x00000000e1439000 	C:\Windows\system32\nvd3dumx.dll
0x00000000fc7b0000 - 0x00000000fc7dc000 	C:\Windows\system32\powrprof.dll
0x00000000fdfb0000 - 0x00000000fe187000 	C:\Windows\system32\SETUPAPI.dll
0x00000000fdb00000 - 0x00000000fdb36000 	C:\Windows\system32\CFGMGR32.dll
0x00000000fdae0000 - 0x00000000fdafa000 	C:\Windows\system32\DEVOBJ.dll
0x00000000fe670000 - 0x00000000ff3f6000 	C:\Windows\system32\SHELL32.dll
0x000000006d170000 - 0x000000006d1a4000 	C:\Program Files\Java\jdk1.7.0_05\jre\bin\fontmanager.dll
0x00000000ff8c0000 - 0x00000000ff959000 	C:\Windows\system32\CLBCatQ.DLL
0x00000000fd4d0000 - 0x00000000fd4e7000 	C:\Windows\system32\CRYPTSP.dll
0x00000000fcf40000 - 0x00000000fcf87000 	C:\Windows\system32\rsaenh.dll
0x00000000fccd0000 - 0x00000000fccee000 	C:\Windows\system32\USERENV.dll
0x00000000fda30000 - 0x00000000fda3f000 	C:\Windows\system32\profapi.dll
0x0000000001f00000 - 0x0000000001f19000 	C:\Program Files\Java\jdk1.7.0_05\jre\bin\net.dll
0x00000000fd1d0000 - 0x00000000fd224000 	C:\Windows\system32\mswsock.dll
0x00000000fd4c0000 - 0x00000000fd4c7000 	C:\Windows\System32\wship6.dll
0x00000000fb2a0000 - 0x00000000fb2b5000 	C:\Windows\system32\NLAapi.dll
0x00000000fd060000 - 0x00000000fd0bb000 	C:\Windows\system32\DNSAPI.dll
0x00000000f6b70000 - 0x00000000f6b7b000 	C:\Windows\System32\winrnr.dll
0x00000000f6b50000 - 0x00000000f6b65000 	C:\Windows\system32\napinsp.dll
0x00000000f6b30000 - 0x00000000f6b49000 	C:\Windows\system32\pnrpnsp.dll
0x00000000721f0000 - 0x0000000072216000 	C:\Program Files\Bonjour\mdnsNSP.dll
0x00000000fa620000 - 0x00000000fa647000 	C:\Windows\system32\Iphlpapi.DLL
0x00000000fb020000 - 0x00000000fb02b000 	C:\Windows\system32\WINNSI.DLL
0x00000000f87b0000 - 0x00000000f87df000 	C:\Program Files\Common Files\Microsoft Shared\Windows Live\WLIDNSP.DLL
0x00000000fcbb0000 - 0x00000000fcbb7000 	C:\Windows\System32\wshtcpip.dll
0x00000000f8780000 - 0x00000000f8788000 	C:\Windows\system32\rasadhlp.dll
0x00000000fa4c0000 - 0x00000000fa513000 	C:\Windows\System32\fwpuclnt.dll
0x000000006d130000 - 0x000000006d141000 	C:\Program Files\Java\jdk1.7.0_05\jre\bin\nio.dll

VM Arguments:
jvm_args: -Dfile.encoding=UTF-8 
java_command: fortbuilder.FortBuilder
Launcher Type: SUN_STANDARD

Environment Variables:
PATH=C:\Program Files (x86)\NVIDIA Corporation\PhysX\Common;C:\Program Files\Common Files\Microsoft Shared\Windows Live;C:\Program Files (x86)\Common Files\Microsoft Shared\Windows Live;C:\Windows\system32;C:\Windows;C:\Windows\System32\Wbem;C:\Windows\System32\WindowsPowerShell\v1.0\;C:\Program Files (x86)\Windows Live\Shared;C:\Program Files\TortoiseSVN\bin
USERNAME=Chris
OS=Windows_NT
PROCESSOR_IDENTIFIER=Intel64 Family 6 Model 42 Stepping 7, GenuineIntel



---------------  S Y S T E M  ---------------

OS: Windows 7 , 64 bit Build 7600 

CPU:total 8 (4 cores per cpu, 2 threads per core) family 6 model 42 stepping 7, cmov, cx8, fxsr, mmx, sse, sse2, sse3, ssse3, sse4.1, sse4.2, popcnt, ht, tsc, tscinvbit

Memory: 4k page, physical 12498040k(7410324k free), swap 24994180k(17965416k free)

vm_info: Java HotSpot(TM) 64-Bit Server VM (23.1-b03) for windows-amd64 JRE (1.7.0_05-b06), built on Jun 27 2012 00:54:58 by "java_re" with unknown MS VC++:1600

time: Fri Dec 06 22:13:15 2013
elapsed time: 2 seconds

