#
# A fatal error has been detected by the Java Runtime Environment:
#
#  EXCEPTION_ACCESS_VIOLATION (0xc0000005) at pc=0x000000000297dbc8, pid=2260, tid=1172
#
# JRE version: 7.0_05-b06
# Java VM: Java HotSpot(TM) 64-Bit Server VM (23.1-b03 mixed mode windows-amd64 compressed oops)
# Problematic frame:
# J  fortbuilder.FortBuilder.gameUpdate()V
#
# Failed to write core dump. Minidumps are not enabled by default on client versions of Windows
#
# If you would like to submit a bug report, please visit:
#   http://bugreport.sun.com/bugreport/crash.jsp
#

---------------  T H R E A D  ---------------

Current thread (0x0000000014cf1000):  JavaThread "Thread-3" [_thread_in_Java, id=1172, stack(0x0000000015650000,0x0000000015750000)]

siginfo: ExceptionCode=0xc0000005, reading address 0x0000000000000014

Registers:
RAX=0x0000000000000011, RBX=0x0000000000000010, RCX=0x00000000f813478e, RDX=0x00000000c08a3380
RSP=0x000000001574f320, RBP=0x00000000f81147f0, RSI=0x0000000003e04d1e, RDI=0x00000000f813478e
R8 =0x00000000c08a3f80, R9 =0x0000000000000001, R10=0x0000000000000026, R11=0x0000000000000027
R12=0x0000000000000000, R13=0x0000000000000027, R14=0x00000000c07298b8, R15=0x0000000014cf1000
RIP=0x000000000297dbc8, EFLAGS=0x0000000000010202

Top of Stack: (sp=0x000000001574f320)
0x000000001574f320:   00000007c0748e20 000000000290acca
0x000000001574f330:   000000001574f330 000000000297d890
0x000000001574f340:   0000001000000027 00000007c07298b8
0x000000001574f350:   000000280000000f 000000073c458380
0x000000001574f360:   0000000000000000 000000001574f390
0x000000001574f370:   000000001574f3d8 00000000028f61f8
0x000000001574f380:   000000001574f3d8 00000000028f61f8
0x000000001574f390:   00000007c07298b8 000000001574f398
0x000000001574f3a0:   000000073c457cdc 000000001574f438
0x000000001574f3b0:   000000073c4bbb78 0000000000000000
0x000000001574f3c0:   000000073c457d88 000000001574f390
0x000000001574f3d0:   000000001574f438 000000001574f480
0x000000001574f3e0:   00000000028f68a6 00000007c0e9eff8
0x000000001574f3f0:   00000000000492e0 0000000000000000
0x000000001574f400:   00008bfb0df81dd0 0000000000000000
0x000000001574f410:   000000000153158e 0000000000000000 

Instructions: (pc=0x000000000297dbc8)
0x000000000297dba8:   45 3b d9 0f 83 9c 02 00 00 4d 8d 04 ec 45 8b 4c
0x000000000297dbb8:   b8 14 45 85 c9 0f 84 27 02 00 00 43 8b 7c 98 10
0x000000000297dbc8:   47 8b 44 cc 0c 45 85 c0 0f 84 93 fe ff ff 8b 6c
0x000000000297dbd8:   9a 0c 45 8b 4c ec 0c 45 3b d9 0f 83 a5 02 00 00 


Register to memory mapping:

RAX=0x0000000000000011 is an unknown value
RBX=0x0000000000000010 is an unknown value
RCX=0x00000000f813478e is an unknown value
RDX=0x00000000c08a3380 is an oop
[[Lfortbuilder.Block; 
 - klass: 'fortbuilder/Block'[][]
 - length: 60
RSP=0x000000001574f320 is pointing into the stack for thread: 0x0000000014cf1000
RBP=0x00000000f81147f0 is an unknown value
RSI=0x0000000003e04d1e is an unknown value
RDI=0x00000000f813478e is an unknown value
R8 =0x00000000c08a3f80 is an oop
[Lfortbuilder.Block; 
 - klass: 'fortbuilder/Block'[]
 - length: 40
R9 =0x0000000000000001 is an unknown value
R10=0x0000000000000026 is an unknown value
R11=0x0000000000000027 is an unknown value
R12=0x0000000000000000 is an unknown value
R13=0x0000000000000027 is an unknown value
R14=0x00000000c07298b8 is an oop
fortbuilder.FortBuilder 
 - klass: 'fortbuilder/FortBuilder'
R15=0x0000000014cf1000 is a thread


Stack: [0x0000000015650000,0x0000000015750000],  sp=0x000000001574f320,  free space=1020k
Native frames: (J=compiled Java code, j=interpreted, Vv=VM code, C=native code)
J  fortbuilder.FortBuilder.gameUpdate()V

[error occurred during error reporting (printing native stack), id 0xc0000005]


---------------  P R O C E S S  ---------------

Java Threads: ( => current thread )
  0x000000000230c800 JavaThread "DestroyJavaVM" [_thread_blocked, id=700, stack(0x00000000026f0000,0x00000000027f0000)]
=>0x0000000014cf1000 JavaThread "Thread-3" [_thread_in_Java, id=1172, stack(0x0000000015650000,0x0000000015750000)]
  0x0000000010e9a800 JavaThread "D3D Screen Updater" daemon [_thread_blocked, id=6512, stack(0x00000000146e0000,0x00000000147e0000)]
  0x0000000010e6f800 JavaThread "AWT-EventQueue-0" [_thread_blocked, id=6736, stack(0x00000000141c0000,0x00000000142c0000)]
  0x0000000010e23800 JavaThread "AWT-Windows" daemon [_thread_in_native, id=6464, stack(0x0000000011b00000,0x0000000011c00000)]
  0x0000000010e21000 JavaThread "AWT-Shutdown" [_thread_blocked, id=6176, stack(0x00000000119d0000,0x0000000011ad0000)]
  0x0000000010e20000 JavaThread "Java2D Disposer" daemon [_thread_blocked, id=6352, stack(0x00000000115e0000,0x00000000116e0000)]
  0x0000000010cdb000 JavaThread "Service Thread" daemon [_thread_blocked, id=1756, stack(0x00000000116e0000,0x00000000117e0000)]
  0x0000000010cd2800 JavaThread "C2 CompilerThread1" daemon [_thread_blocked, id=6276, stack(0x00000000114d0000,0x00000000115d0000)]
  0x0000000010cbb800 JavaThread "C2 CompilerThread0" daemon [_thread_blocked, id=5348, stack(0x00000000112e0000,0x00000000113e0000)]
  0x0000000010cba800 JavaThread "Attach Listener" daemon [_thread_blocked, id=7128, stack(0x0000000011080000,0x0000000011180000)]
  0x000000000ec8f800 JavaThread "Signal Dispatcher" daemon [_thread_blocked, id=6372, stack(0x00000000020e0000,0x00000000021e0000)]
  0x000000000ec56800 JavaThread "Finalizer" daemon [_thread_blocked, id=6608, stack(0x0000000010a70000,0x0000000010b70000)]
  0x000000000ec4e000 JavaThread "Reference Handler" daemon [_thread_blocked, id=7024, stack(0x0000000010b70000,0x0000000010c70000)]

Other Threads:
  0x000000000ec46000 VMThread [stack: 0x0000000010960000,0x0000000010a60000] [id=2556]
  0x0000000010cf4000 WatcherThread [stack: 0x0000000011190000,0x0000000011290000] [id=5268]

VM state:not at safepoint (normal execution)

VM Mutex/Monitor currently owned by a thread: None

Heap
 PSYoungGen      total 56960K, used 9063K [0x00000000c06b0000, 0x00000000c4640000, 0x0000000000000000)
  eden space 48832K, 18% used [0x00000000c06b0000,0x00000000c0f89ec8,0x00000000c3660000)
  from space 8128K, 0% used [0x00000000c3e50000,0x00000000c3e50000,0x00000000c4640000)
  to   space 8128K, 0% used [0x00000000c3660000,0x00000000c3660000,0x00000000c3e50000)
 ParOldGen       total 130240K, used 0K [0x0000000041400000, 0x0000000049330000, 0x00000000c06b0000)
  object space 130240K, 0% used [0x0000000041400000,0x0000000041400000,0x0000000049330000)
 PSPermGen       total 21248K, used 9074K [0x000000003c200000, 0x000000003d6c0000, 0x0000000041400000)
  object space 21248K, 42% used [0x000000003c200000,0x000000003cadca10,0x000000003d6c0000)

Code Cache  [0x00000000028f0000, 0x0000000002b60000, 0x00000000058f0000)
 total_blobs=433 nmethods=33 adapters=352 free_code_cache=48586Kb largest_free_block=49735744

Compilation events (10 events):
Event: 2.002 Thread 0x0000000010cbb800    1 %           fortbuilder.FortBuilder::loadMap @ 17 (151 bytes)
Event: 2.014 Thread 0x0000000010cbb800 nmethod 1% 0x0000000002975dd0 code [0x0000000002975fe0, 0x00000000029769c0]
Event: 2.024 Thread 0x0000000010cd2800   28             fortbuilder.FortBuilder::loadMap (151 bytes)
Event: 2.034 Thread 0x0000000010cd2800 nmethod 28 0x000000000297e510 code [0x000000000297e700, 0x000000000297f0a0]
Event: 2.266 Thread 0x0000000010cbb800   30             java.util.IdentityHashMap$IdentityHashMapIterator::hasNext (50 bytes)
Event: 2.268 Thread 0x0000000010cbb800 nmethod 30 0x000000000297c890 code [0x000000000297c9c0, 0x000000000297cb78]
Event: 2.552 Thread 0x0000000010cd2800    2 %           fortbuilder.FortBuilder::gameUpdate @ 12 (337 bytes)
Event: 2.562 Thread 0x0000000010cd2800 nmethod 2% 0x000000000297d890 code [0x000000000297da20, 0x000000000297dfc8]
Event: 2.562 Thread 0x0000000010cbb800   31             fortbuilder.FortBuilder::gameUpdate (337 bytes)
Event: 2.572 Thread 0x0000000010cbb800 nmethod 31 0x000000000297cdd0 code [0x000000000297cf60, 0x000000000297d468]

GC Heap History (0 events):
No events

Deoptimization events (5 events):
Event: 1.958 Thread 0x0000000010e6f800 Uncommon trap -83 fr.pc 0x000000000297b61c
Event: 1.958 Thread 0x0000000010e6f800 Uncommon trap -83 fr.pc 0x0000000002973824
Event: 2.551 Thread 0x0000000014cf1000 Uncommon trap -10 fr.pc 0x00000000029751f8
Event: 2.552 Thread 0x0000000014cf1000 Uncommon trap -10 fr.pc 0x00000000029751f8
Event: 2.552 Thread 0x0000000014cf1000 Uncommon trap -10 fr.pc 0x00000000029751f8

Internal exceptions (10 events):
Event: 2.560 Thread 0x0000000014cf1000 Threw 0x00000000c0e9e538 at C:\jdk7u1_64p\jdk7u5\hotspot\src\share\vm\interpreter\interpreterRuntime.cpp:347
Event: 2.561 Thread 0x0000000014cf1000 Threw 0x00000000c0e9e690 at C:\jdk7u1_64p\jdk7u5\hotspot\src\share\vm\interpreter\interpreterRuntime.cpp:347
Event: 2.561 Thread 0x0000000014cf1000 Threw 0x00000000c0e9e7e8 at C:\jdk7u1_64p\jdk7u5\hotspot\src\share\vm\interpreter\interpreterRuntime.cpp:347
Event: 2.561 Thread 0x0000000014cf1000 Threw 0x00000000c0e9e940 at C:\jdk7u1_64p\jdk7u5\hotspot\src\share\vm\interpreter\interpreterRuntime.cpp:347
Event: 2.561 Thread 0x0000000014cf1000 Threw 0x00000000c0e9ea98 at C:\jdk7u1_64p\jdk7u5\hotspot\src\share\vm\interpreter\interpreterRuntime.cpp:347
Event: 2.562 Thread 0x0000000014cf1000 Threw 0x00000000c0e9ebf0 at C:\jdk7u1_64p\jdk7u5\hotspot\src\share\vm\interpreter\interpreterRuntime.cpp:347
Event: 2.562 Thread 0x0000000014cf1000 Threw 0x00000000c0e9ed48 at C:\jdk7u1_64p\jdk7u5\hotspot\src\share\vm\interpreter\interpreterRuntime.cpp:347
Event: 2.562 Thread 0x0000000014cf1000 Threw 0x00000000c0e9eea0 at C:\jdk7u1_64p\jdk7u5\hotspot\src\share\vm\interpreter\interpreterRuntime.cpp:347
Event: 2.562 Thread 0x0000000014cf1000 Threw 0x00000000c0e9eff8 at C:\jdk7u1_64p\jdk7u5\hotspot\src\share\vm\interpreter\interpreterRuntime.cpp:347
Event: 2.562 Thread 0x0000000014cf1000 Implicit null exception at 0x000000000297dbc8 to 0x0000000000000000

Events (10 events):
Event: 1.958 Thread 0x0000000010e6f800 DEOPT PACKING pc=0x000000000297b61c sp=0x00000000142be6e0
Event: 1.958 Thread 0x0000000010e6f800 DEOPT UNPACKING pc=0x0000000002929164 sp=0x00000000142be640 mode 2
Event: 1.958 Thread 0x0000000010e6f800 DEOPT PACKING pc=0x0000000002973824 sp=0x00000000142be680
Event: 1.958 Thread 0x0000000010e6f800 DEOPT UNPACKING pc=0x0000000002929164 sp=0x00000000142be630 mode 2
Event: 2.551 Thread 0x0000000014cf1000 DEOPT PACKING pc=0x00000000029751f8 sp=0x000000001574f330
Event: 2.552 Thread 0x0000000014cf1000 DEOPT UNPACKING pc=0x0000000002929164 sp=0x000000001574f2e8 mode 2
Event: 2.552 Thread 0x0000000014cf1000 DEOPT PACKING pc=0x00000000029751f8 sp=0x000000001574f330
Event: 2.552 Thread 0x0000000014cf1000 DEOPT UNPACKING pc=0x0000000002929164 sp=0x000000001574f2e8 mode 2
Event: 2.552 Thread 0x0000000014cf1000 DEOPT PACKING pc=0x00000000029751f8 sp=0x000000001574f330
Event: 2.552 Thread 0x0000000014cf1000 DEOPT UNPACKING pc=0x0000000002929164 sp=0x000000001574f2e8 mode 2


Dynamic libraries:
0x000000003f0b0000 - 0x000000003f0e3000 	C:\Program Files\Java\jdk1.7.0_05\bin\java.exe
0x0000000077ad0000 - 0x0000000077c7b000 	C:\Windows\SYSTEM32\ntdll.dll
0x00000000778b0000 - 0x00000000779cf000 	C:\Windows\system32\kernel32.dll
0x00000000fdcf0000 - 0x00000000fdd5b000 	C:\Windows\system32\KERNELBASE.dll
0x00000000ff960000 - 0x00000000ffa3b000 	C:\Windows\system32\ADVAPI32.dll
0x00000000fe5a0000 - 0x00000000fe63f000 	C:\Windows\system32\msvcrt.dll
0x00000000fe3d0000 - 0x00000000fe3ef000 	C:\Windows\SYSTEM32\sechost.dll
0x00000000ff680000 - 0x00000000ff7ae000 	C:\Windows\system32\RPCRT4.dll
0x00000000779d0000 - 0x0000000077aca000 	C:\Windows\system32\USER32.dll
0x00000000ff400000 - 0x00000000ff467000 	C:\Windows\system32\GDI32.dll
0x00000000ff5f0000 - 0x00000000ff5fe000 	C:\Windows\system32\LPK.dll
0x00000000fe3f0000 - 0x00000000fe4ba000 	C:\Windows\system32\USP10.dll
0x00000000fc140000 - 0x00000000fc334000 	C:\Windows\WinSxS\amd64_microsoft.windows.common-controls_6595b64144ccf1df_6.0.7600.16385_none_fa645303170382f6\COMCTL32.dll
0x00000000ff600000 - 0x00000000ff671000 	C:\Windows\system32\SHLWAPI.dll
0x00000000fe640000 - 0x00000000fe66e000 	C:\Windows\system32\IMM32.DLL
0x00000000ff7b0000 - 0x00000000ff8b9000 	C:\Windows\system32\MSCTF.dll
0x00000000fd460000 - 0x00000000fd4a4000 	C:\Windows\system32\nvinitx.dll
0x00000000791c0000 - 0x0000000079291000 	C:\Program Files\Java\jdk1.7.0_05\jre\bin\msvcr100.dll
0x000000006d340000 - 0x000000006da5a000 	C:\Program Files\Java\jdk1.7.0_05\jre\bin\server\jvm.dll
0x00000000f3030000 - 0x00000000f3039000 	C:\Windows\system32\WSOCK32.dll
0x00000000ffa40000 - 0x00000000ffa8d000 	C:\Windows\system32\WS2_32.dll
0x00000000fe3a0000 - 0x00000000fe3a8000 	C:\Windows\system32\NSI.dll
0x00000000fb260000 - 0x00000000fb29b000 	C:\Windows\system32\WINMM.dll
0x0000000077c90000 - 0x0000000077c97000 	C:\Windows\system32\PSAPI.DLL
0x000000006d1b0000 - 0x000000006d1bf000 	C:\Program Files\Java\jdk1.7.0_05\jre\bin\verify.dll
0x000000006cf80000 - 0x000000006cfa8000 	C:\Program Files\Java\jdk1.7.0_05\jre\bin\java.dll
0x000000006cea0000 - 0x000000006ceb5000 	C:\Program Files\Java\jdk1.7.0_05\jre\bin\zip.dll
0x00000000117e0000 - 0x0000000011974000 	C:\Program Files\Java\jdk1.7.0_05\jre\bin\awt.dll
0x00000000fe4c0000 - 0x00000000fe597000 	C:\Windows\system32\OLEAUT32.dll
0x00000000fe190000 - 0x00000000fe391000 	C:\Windows\system32\ole32.dll
0x00000000fca70000 - 0x00000000fca88000 	C:\Windows\system32\DWMAPI.DLL
0x00000000fbf60000 - 0x00000000fbfb6000 	C:\Windows\system32\uxtheme.dll
0x00000000fd880000 - 0x00000000fd88f000 	C:\Windows\system32\CRYPTBASE.dll
0x00000000e82a0000 - 0x00000000e849f000 	C:\Windows\system32\d3d9.dll
0x00000000fcae0000 - 0x00000000fcaec000 	C:\Windows\system32\VERSION.dll
0x00000000f6d50000 - 0x00000000f6d57000 	C:\Windows\system32\d3d8thk.dll
0x00000000e1520000 - 0x00000000e2609000 	C:\Windows\system32\nvd3dumx.dll
0x00000000fc7b0000 - 0x00000000fc7dc000 	C:\Windows\system32\powrprof.dll
0x00000000fdfb0000 - 0x00000000fe187000 	C:\Windows\system32\SETUPAPI.dll
0x00000000fdb00000 - 0x00000000fdb36000 	C:\Windows\system32\CFGMGR32.dll
0x00000000fdae0000 - 0x00000000fdafa000 	C:\Windows\system32\DEVOBJ.dll
0x00000000fe670000 - 0x00000000ff3f6000 	C:\Windows\system32\SHELL32.dll
0x000000006d170000 - 0x000000006d1a4000 	C:\Program Files\Java\jdk1.7.0_05\jre\bin\fontmanager.dll
0x00000000ff8c0000 - 0x00000000ff959000 	C:\Windows\system32\CLBCatQ.DLL
0x00000000fd4d0000 - 0x00000000fd4e7000 	C:\Windows\system32\CRYPTSP.dll
0x00000000fcf40000 - 0x00000000fcf87000 	C:\Windows\system32\rsaenh.dll
0x00000000fccd0000 - 0x00000000fccee000 	C:\Windows\system32\USERENV.dll
0x00000000fda30000 - 0x00000000fda3f000 	C:\Windows\system32\profapi.dll
0x00000000022e0000 - 0x00000000022f9000 	C:\Program Files\Java\jdk1.7.0_05\jre\bin\net.dll
0x00000000fd1d0000 - 0x00000000fd224000 	C:\Windows\system32\mswsock.dll
0x00000000fd4c0000 - 0x00000000fd4c7000 	C:\Windows\System32\wship6.dll
0x00000000fb2a0000 - 0x00000000fb2b5000 	C:\Windows\system32\NLAapi.dll
0x00000000fd060000 - 0x00000000fd0bb000 	C:\Windows\system32\DNSAPI.dll
0x00000000f6b70000 - 0x00000000f6b7b000 	C:\Windows\System32\winrnr.dll
0x00000000f6b50000 - 0x00000000f6b65000 	C:\Windows\system32\napinsp.dll
0x00000000f6b30000 - 0x00000000f6b49000 	C:\Windows\system32\pnrpnsp.dll
0x00000000721f0000 - 0x0000000072216000 	C:\Program Files\Bonjour\mdnsNSP.dll
0x00000000fa620000 - 0x00000000fa647000 	C:\Windows\system32\Iphlpapi.DLL
0x00000000fb020000 - 0x00000000fb02b000 	C:\Windows\system32\WINNSI.DLL
0x00000000f87b0000 - 0x00000000f87df000 	C:\Program Files\Common Files\Microsoft Shared\Windows Live\WLIDNSP.DLL
0x00000000fcbb0000 - 0x00000000fcbb7000 	C:\Windows\System32\wshtcpip.dll
0x00000000f8780000 - 0x00000000f8788000 	C:\Windows\system32\rasadhlp.dll
0x00000000fa4c0000 - 0x00000000fa513000 	C:\Windows\System32\fwpuclnt.dll
0x000000006d130000 - 0x000000006d141000 	C:\Program Files\Java\jdk1.7.0_05\jre\bin\nio.dll

VM Arguments:
jvm_args: -Dfile.encoding=UTF-8 
java_command: fortbuilder.FortBuilder
Launcher Type: SUN_STANDARD

Environment Variables:
PATH=C:\Program Files (x86)\NVIDIA Corporation\PhysX\Common;C:\Program Files\Common Files\Microsoft Shared\Windows Live;C:\Program Files (x86)\Common Files\Microsoft Shared\Windows Live;C:\Windows\system32;C:\Windows;C:\Windows\System32\Wbem;C:\Windows\System32\WindowsPowerShell\v1.0\;C:\Program Files (x86)\Windows Live\Shared;C:\Program Files\TortoiseSVN\bin
USERNAME=Chris
OS=Windows_NT
PROCESSOR_IDENTIFIER=Intel64 Family 6 Model 42 Stepping 7, GenuineIntel



---------------  S Y S T E M  ---------------

OS: Windows 7 , 64 bit Build 7600 

CPU:total 8 (4 cores per cpu, 2 threads per core) family 6 model 42 stepping 7, cmov, cx8, fxsr, mmx, sse, sse2, sse3, ssse3, sse4.1, sse4.2, popcnt, ht, tsc, tscinvbit

Memory: 4k page, physical 12498040k(7412548k free), swap 24994180k(17970172k free)

vm_info: Java HotSpot(TM) 64-Bit Server VM (23.1-b03) for windows-amd64 JRE (1.7.0_05-b06), built on Jun 27 2012 00:54:58 by "java_re" with unknown MS VC++:1600

time: Fri Dec 06 22:13:08 2013
elapsed time: 2 seconds

