#
# A fatal error has been detected by the Java Runtime Environment:
#
#  EXCEPTION_ACCESS_VIOLATION (0xc0000005) at pc=0x0000000002a4fe53, pid=8420, tid=5424
#
# JRE version: 7.0_05-b06
# Java VM: Java HotSpot(TM) 64-Bit Server VM (23.1-b03 mixed mode windows-amd64 compressed oops)
# Problematic frame:
# J  fortbuilder.FortBuilder.gameUpdate()V
#
# Failed to write core dump. Minidumps are not enabled by default on client versions of Windows
#
# If you would like to submit a bug report, please visit:
#   http://bugreport.sun.com/bugreport/crash.jsp
#

---------------  T H R E A D  ---------------

Current thread (0x0000000011010800):  JavaThread "Thread-3" [_thread_in_Java, id=5424, stack(0x0000000015e60000,0x0000000015f60000)]

siginfo: ExceptionCode=0xc0000005, reading address 0x0000000000000014

Registers:
RAX=0x0000000003e04d1e, RBX=0x000000000000000d, RCX=0x0000000000000026, RDX=0x0000000000000001
RSP=0x0000000015f5f670, RBP=0x00000000f81147ae, RSI=0x00000000f8134788, RDI=0x00000000c08a3380
R8 =0x00000000f8134788, R9 =0x00000000c08a3d70, R10=0x0000000000000027, R11=0x0000000000000027
R12=0x0000000000000000, R13=0x0000000000000027, R14=0x00000000c07298c0, R15=0x0000000011010800
RIP=0x0000000002a4fe53, EFLAGS=0x0000000000010202

Top of Stack: (sp=0x0000000015f5f670)
0x0000000015f5f670:   00000007c0748e28 00000000029dacca
0x0000000015f5f680:   0000000015f5f680 0000000002a4f990
0x0000000015f5f690:   0000000d00000027 00000007c07298c0
0x0000000015f5f6a0:   000000280000000c 000000073c458388
0x0000000015f5f6b0:   0000000000000000 0000000015f5f6e0
0x0000000015f5f6c0:   0000000015f5f728 00000000029c61f8
0x0000000015f5f6d0:   0000000015f5f728 00000000029c61f8
0x0000000015f5f6e0:   00000007c07298c0 0000000015f5f6e8
0x0000000015f5f6f0:   000000073c457cdc 0000000015f5f788
0x0000000015f5f700:   000000073c4bbb80 0000000000000000
0x0000000015f5f710:   000000073c457d88 0000000015f5f6e0
0x0000000015f5f720:   0000000015f5f788 0000000015f5f7d0
0x0000000015f5f730:   00000000029c68a6 00000007c0e9cf10
0x0000000015f5f740:   000000000003bb18 0000000000000000
0x0000000015f5f750:   00011a579b436288 0000000000000000
0x0000000015f5f760:   000000000153158e 0000000000000000 

Instructions: (pc=0x0000000002a4fe53)
0x0000000002a4fe33:   0c 45 3b d1 0f 83 2c 01 00 00 4d 8d 0c ec 43 8b
0x0000000002a4fe43:   54 99 14 85 d2 0f 84 a4 00 00 00 43 8b 74 91 10
0x0000000002a4fe53:   45 8b 4c d4 0c 45 85 c9 74 65 8b 6c 9f 0c 45 8b
0x0000000002a4fe63:   4c ec 0c 45 3b d1 0f 83 26 01 00 00 4d 8d 1c ec 


Register to memory mapping:

RAX=0x0000000003e04d1e is an unknown value
RBX=0x000000000000000d is an unknown value
RCX=0x0000000000000026 is an unknown value
RDX=0x0000000000000001 is an unknown value
RSP=0x0000000015f5f670 is pointing into the stack for thread: 0x0000000011010800
RBP=0x00000000f81147ae is an unknown value
RSI=0x00000000f8134788 is an unknown value
RDI=0x00000000c08a3380 is an oop
[[Lfortbuilder.Block; 
 - klass: 'fortbuilder/Block'[][]
 - length: 60
R8 =0x00000000f8134788 is an unknown value
R9 =0x00000000c08a3d70 is an oop
[Lfortbuilder.Block; 
 - klass: 'fortbuilder/Block'[]
 - length: 40
R10=0x0000000000000027 is an unknown value
R11=0x0000000000000027 is an unknown value
R12=0x0000000000000000 is an unknown value
R13=0x0000000000000027 is an unknown value
R14=0x00000000c07298c0 is an oop
fortbuilder.FortBuilder 
 - klass: 'fortbuilder/FortBuilder'
R15=0x0000000011010800 is a thread


Stack: [0x0000000015e60000,0x0000000015f60000],  sp=0x0000000015f5f670,  free space=1021k
Native frames: (J=compiled Java code, j=interpreted, Vv=VM code, C=native code)
J  fortbuilder.FortBuilder.gameUpdate()V


---------------  P R O C E S S  ---------------

Java Threads: ( => current thread )
  0x000000000273c800 JavaThread "DestroyJavaVM" [_thread_blocked, id=7496, stack(0x00000000028c0000,0x00000000029c0000)]
=>0x0000000011010800 JavaThread "Thread-3" [_thread_in_Java, id=5424, stack(0x0000000015e60000,0x0000000015f60000)]
  0x0000000010e8a800 JavaThread "D3D Screen Updater" daemon [_thread_blocked, id=9120, stack(0x0000000014960000,0x0000000014a60000)]
  0x0000000010e60800 JavaThread "AWT-EventQueue-0" [_thread_blocked, id=4404, stack(0x00000000144b0000,0x00000000145b0000)]
  0x0000000010e13800 JavaThread "AWT-Windows" daemon [_thread_in_native, id=8992, stack(0x0000000011650000,0x0000000011750000)]
  0x0000000010e11000 JavaThread "AWT-Shutdown" [_thread_blocked, id=4628, stack(0x0000000011cb0000,0x0000000011db0000)]
  0x0000000010e10000 JavaThread "Java2D Disposer" daemon [_thread_blocked, id=6776, stack(0x0000000011ad0000,0x0000000011bd0000)]
  0x0000000010ccb000 JavaThread "Service Thread" daemon [_thread_blocked, id=8092, stack(0x00000000109f0000,0x0000000010af0000)]
  0x0000000010cc6800 JavaThread "C2 CompilerThread1" daemon [_thread_blocked, id=9212, stack(0x0000000011500000,0x0000000011600000)]
  0x0000000010cab800 JavaThread "C2 CompilerThread0" daemon [_thread_blocked, id=7364, stack(0x00000000112d0000,0x00000000113d0000)]
  0x0000000010caa800 JavaThread "Attach Listener" daemon [_thread_blocked, id=6516, stack(0x0000000011130000,0x0000000011230000)]
  0x000000000edaf800 JavaThread "Signal Dispatcher" daemon [_thread_blocked, id=5684, stack(0x00000000107d0000,0x00000000108d0000)]
  0x000000000ed76800 JavaThread "Finalizer" daemon [_thread_blocked, id=5108, stack(0x0000000010b60000,0x0000000010c60000)]
  0x000000000ed6e000 JavaThread "Reference Handler" daemon [_thread_blocked, id=6868, stack(0x00000000108f0000,0x00000000109f0000)]

Other Threads:
  0x000000000ed66000 VMThread [stack: 0x0000000010680000,0x0000000010780000] [id=6112]
  0x0000000010ce4000 WatcherThread [stack: 0x0000000011780000,0x0000000011880000] [id=8956]

VM state:not at safepoint (normal execution)

VM Mutex/Monitor currently owned by a thread: None

Heap
 PSYoungGen      total 56960K, used 9063K [0x00000000c06b0000, 0x00000000c4640000, 0x0000000000000000)
  eden space 48832K, 18% used [0x00000000c06b0000,0x00000000c0f89f18,0x00000000c3660000)
  from space 8128K, 0% used [0x00000000c3e50000,0x00000000c3e50000,0x00000000c4640000)
  to   space 8128K, 0% used [0x00000000c3660000,0x00000000c3660000,0x00000000c3e50000)
 ParOldGen       total 130240K, used 0K [0x0000000041400000, 0x0000000049330000, 0x00000000c06b0000)
  object space 130240K, 0% used [0x0000000041400000,0x0000000041400000,0x0000000049330000)
 PSPermGen       total 21248K, used 9069K [0x000000003c200000, 0x000000003d6c0000, 0x0000000041400000)
  object space 21248K, 42% used [0x000000003c200000,0x000000003cadb678,0x000000003d6c0000)

Code Cache  [0x00000000029c0000, 0x0000000002c30000, 0x00000000059c0000)
 total_blobs=431 nmethods=31 adapters=352 free_code_cache=48590Kb largest_free_block=49732864

Compilation events (10 events):
Event: 0.376 Thread 0x0000000010cc6800   26             fortbuilder.FortBuilder::gameUpdate (343 bytes)
Event: 0.384 Thread 0x0000000010cc6800 nmethod 26 0x0000000002a49410 code [0x0000000002a495a0, 0x0000000002a49b28]
Event: 0.662 Thread 0x0000000010cab800    2 %           fortbuilder.FortBuilder::loadMap @ 17 (151 bytes)
Event: 0.671 Thread 0x0000000010cab800 nmethod 2% 0x0000000002a47d10 code [0x0000000002a47f20, 0x0000000002a488e0]
Event: 0.683 Thread 0x0000000010cc6800   27             fortbuilder.FortBuilder::loadMap (151 bytes)
Event: 0.692 Thread 0x0000000010cc6800 nmethod 27 0x0000000002a4a650 code [0x0000000002a4a840, 0x0000000002a4b220]
Event: 1.870 Thread 0x0000000010cab800   28             java.util.IdentityHashMap::clear (39 bytes)
Event: 1.872 Thread 0x0000000010cab800 nmethod 28 0x0000000002a45f90 code [0x0000000002a460c0, 0x0000000002a461d8]
Event: 2.003 Thread 0x0000000010cc6800    3 %           fortbuilder.FortBuilder::gameUpdate @ 12 (343 bytes)
Event: 2.012 Thread 0x0000000010cc6800 nmethod 3% 0x0000000002a4f990 code [0x0000000002a4fb20, 0x0000000002a500e8]

GC Heap History (0 events):
No events

Deoptimization events (5 events):
Event: 0.618 Thread 0x0000000010e60800 Uncommon trap -83 fr.pc 0x0000000002a46784
Event: 0.618 Thread 0x0000000010e60800 Uncommon trap -83 fr.pc 0x0000000002a40ae4
Event: 2.002 Thread 0x0000000011010800 Uncommon trap -10 fr.pc 0x0000000002a49a8c
Event: 2.002 Thread 0x0000000011010800 Uncommon trap -10 fr.pc 0x0000000002a49a8c
Event: 2.002 Thread 0x0000000011010800 Uncommon trap -10 fr.pc 0x0000000002a49a8c

Internal exceptions (10 events):
Event: 2.009 Thread 0x0000000011010800 Threw 0x00000000c0e9c450 at C:\jdk7u1_64p\jdk7u5\hotspot\src\share\vm\interpreter\interpreterRuntime.cpp:347
Event: 2.010 Thread 0x0000000011010800 Threw 0x00000000c0e9c5a8 at C:\jdk7u1_64p\jdk7u5\hotspot\src\share\vm\interpreter\interpreterRuntime.cpp:347
Event: 2.010 Thread 0x0000000011010800 Threw 0x00000000c0e9c700 at C:\jdk7u1_64p\jdk7u5\hotspot\src\share\vm\interpreter\interpreterRuntime.cpp:347
Event: 2.010 Thread 0x0000000011010800 Threw 0x00000000c0e9c858 at C:\jdk7u1_64p\jdk7u5\hotspot\src\share\vm\interpreter\interpreterRuntime.cpp:347
Event: 2.010 Thread 0x0000000011010800 Threw 0x00000000c0e9c9b0 at C:\jdk7u1_64p\jdk7u5\hotspot\src\share\vm\interpreter\interpreterRuntime.cpp:347
Event: 2.011 Thread 0x0000000011010800 Threw 0x00000000c0e9cb08 at C:\jdk7u1_64p\jdk7u5\hotspot\src\share\vm\interpreter\interpreterRuntime.cpp:347
Event: 2.011 Thread 0x0000000011010800 Threw 0x00000000c0e9cc60 at C:\jdk7u1_64p\jdk7u5\hotspot\src\share\vm\interpreter\interpreterRuntime.cpp:347
Event: 2.011 Thread 0x0000000011010800 Threw 0x00000000c0e9cdb8 at C:\jdk7u1_64p\jdk7u5\hotspot\src\share\vm\interpreter\interpreterRuntime.cpp:347
Event: 2.011 Thread 0x0000000011010800 Threw 0x00000000c0e9cf10 at C:\jdk7u1_64p\jdk7u5\hotspot\src\share\vm\interpreter\interpreterRuntime.cpp:347
Event: 2.012 Thread 0x0000000011010800 Implicit null exception at 0x0000000002a4fe53 to 0x0000000000000000

Events (10 events):
Event: 1.371 loading class 0x00000000025f09d0
Event: 1.371 loading class 0x00000000025f0c10
Event: 1.371 loading class 0x00000000025f0c10 done
Event: 1.371 loading class 0x00000000025f09d0 done
Event: 2.002 Thread 0x0000000011010800 DEOPT PACKING pc=0x0000000002a49a8c sp=0x0000000015f5f680
Event: 2.002 Thread 0x0000000011010800 DEOPT UNPACKING pc=0x00000000029f9164 sp=0x0000000015f5f638 mode 2
Event: 2.002 Thread 0x0000000011010800 DEOPT PACKING pc=0x0000000002a49a8c sp=0x0000000015f5f680
Event: 2.002 Thread 0x0000000011010800 DEOPT UNPACKING pc=0x00000000029f9164 sp=0x0000000015f5f638 mode 2
Event: 2.002 Thread 0x0000000011010800 DEOPT PACKING pc=0x0000000002a49a8c sp=0x0000000015f5f680
Event: 2.002 Thread 0x0000000011010800 DEOPT UNPACKING pc=0x00000000029f9164 sp=0x0000000015f5f638 mode 2


Dynamic libraries:
0x000000003f100000 - 0x000000003f133000 	C:\Program Files\Java\jdk1.7.0_05\bin\java.exe
0x0000000077ad0000 - 0x0000000077c7b000 	C:\Windows\SYSTEM32\ntdll.dll
0x00000000778b0000 - 0x00000000779cf000 	C:\Windows\system32\kernel32.dll
0x00000000fdcf0000 - 0x00000000fdd5b000 	C:\Windows\system32\KERNELBASE.dll
0x00000000ff960000 - 0x00000000ffa3b000 	C:\Windows\system32\ADVAPI32.dll
0x00000000fe5a0000 - 0x00000000fe63f000 	C:\Windows\system32\msvcrt.dll
0x00000000fe3d0000 - 0x00000000fe3ef000 	C:\Windows\SYSTEM32\sechost.dll
0x00000000ff680000 - 0x00000000ff7ae000 	C:\Windows\system32\RPCRT4.dll
0x00000000779d0000 - 0x0000000077aca000 	C:\Windows\system32\USER32.dll
0x00000000ff400000 - 0x00000000ff467000 	C:\Windows\system32\GDI32.dll
0x00000000ff5f0000 - 0x00000000ff5fe000 	C:\Windows\system32\LPK.dll
0x00000000fe3f0000 - 0x00000000fe4ba000 	C:\Windows\system32\USP10.dll
0x00000000fc140000 - 0x00000000fc334000 	C:\Windows\WinSxS\amd64_microsoft.windows.common-controls_6595b64144ccf1df_6.0.7600.16385_none_fa645303170382f6\COMCTL32.dll
0x00000000ff600000 - 0x00000000ff671000 	C:\Windows\system32\SHLWAPI.dll
0x00000000fe640000 - 0x00000000fe66e000 	C:\Windows\system32\IMM32.DLL
0x00000000ff7b0000 - 0x00000000ff8b9000 	C:\Windows\system32\MSCTF.dll
0x00000000fd460000 - 0x00000000fd4a4000 	C:\Windows\system32\nvinitx.dll
0x00000000791c0000 - 0x0000000079291000 	C:\Program Files\Java\jdk1.7.0_05\jre\bin\msvcr100.dll
0x000000006d340000 - 0x000000006da5a000 	C:\Program Files\Java\jdk1.7.0_05\jre\bin\server\jvm.dll
0x00000000f3030000 - 0x00000000f3039000 	C:\Windows\system32\WSOCK32.dll
0x00000000ffa40000 - 0x00000000ffa8d000 	C:\Windows\system32\WS2_32.dll
0x00000000fe3a0000 - 0x00000000fe3a8000 	C:\Windows\system32\NSI.dll
0x00000000fb260000 - 0x00000000fb29b000 	C:\Windows\system32\WINMM.dll
0x0000000077c90000 - 0x0000000077c97000 	C:\Windows\system32\PSAPI.DLL
0x000000006d1b0000 - 0x000000006d1bf000 	C:\Program Files\Java\jdk1.7.0_05\jre\bin\verify.dll
0x000000006cf80000 - 0x000000006cfa8000 	C:\Program Files\Java\jdk1.7.0_05\jre\bin\java.dll
0x000000006cea0000 - 0x000000006ceb5000 	C:\Program Files\Java\jdk1.7.0_05\jre\bin\zip.dll
0x0000000011880000 - 0x0000000011a14000 	C:\Program Files\Java\jdk1.7.0_05\jre\bin\awt.dll
0x00000000fe4c0000 - 0x00000000fe597000 	C:\Windows\system32\OLEAUT32.dll
0x00000000fe190000 - 0x00000000fe391000 	C:\Windows\system32\ole32.dll
0x00000000fca70000 - 0x00000000fca88000 	C:\Windows\system32\DWMAPI.DLL
0x00000000fbf60000 - 0x00000000fbfb6000 	C:\Windows\system32\uxtheme.dll
0x00000000fd880000 - 0x00000000fd88f000 	C:\Windows\system32\CRYPTBASE.dll
0x00000000e82a0000 - 0x00000000e849f000 	C:\Windows\system32\d3d9.dll
0x00000000fcae0000 - 0x00000000fcaec000 	C:\Windows\system32\VERSION.dll
0x00000000f6d50000 - 0x00000000f6d57000 	C:\Windows\system32\d3d8thk.dll
0x00000000e1320000 - 0x00000000e2409000 	C:\Windows\system32\nvd3dumx.dll
0x00000000fc7b0000 - 0x00000000fc7dc000 	C:\Windows\system32\powrprof.dll
0x00000000fdfb0000 - 0x00000000fe187000 	C:\Windows\system32\SETUPAPI.dll
0x00000000fdb00000 - 0x00000000fdb36000 	C:\Windows\system32\CFGMGR32.dll
0x00000000fdae0000 - 0x00000000fdafa000 	C:\Windows\system32\DEVOBJ.dll
0x00000000fe670000 - 0x00000000ff3f6000 	C:\Windows\system32\SHELL32.dll
0x000000006d170000 - 0x000000006d1a4000 	C:\Program Files\Java\jdk1.7.0_05\jre\bin\fontmanager.dll
0x00000000ff8c0000 - 0x00000000ff959000 	C:\Windows\system32\CLBCatQ.DLL
0x00000000fd4d0000 - 0x00000000fd4e7000 	C:\Windows\system32\CRYPTSP.dll
0x00000000fcf40000 - 0x00000000fcf87000 	C:\Windows\system32\rsaenh.dll
0x00000000fccd0000 - 0x00000000fccee000 	C:\Windows\system32\USERENV.dll
0x00000000fda30000 - 0x00000000fda3f000 	C:\Windows\system32\profapi.dll
0x0000000002060000 - 0x0000000002079000 	C:\Program Files\Java\jdk1.7.0_05\jre\bin\net.dll
0x00000000fd1d0000 - 0x00000000fd224000 	C:\Windows\system32\mswsock.dll
0x00000000fd4c0000 - 0x00000000fd4c7000 	C:\Windows\System32\wship6.dll
0x00000000fb2a0000 - 0x00000000fb2b5000 	C:\Windows\system32\NLAapi.dll
0x00000000fd060000 - 0x00000000fd0bb000 	C:\Windows\system32\DNSAPI.dll
0x00000000f6b70000 - 0x00000000f6b7b000 	C:\Windows\System32\winrnr.dll
0x00000000f6b50000 - 0x00000000f6b65000 	C:\Windows\system32\napinsp.dll
0x00000000f6b30000 - 0x00000000f6b49000 	C:\Windows\system32\pnrpnsp.dll
0x00000000721f0000 - 0x0000000072216000 	C:\Program Files\Bonjour\mdnsNSP.dll
0x00000000fa620000 - 0x00000000fa647000 	C:\Windows\system32\Iphlpapi.DLL
0x00000000fb020000 - 0x00000000fb02b000 	C:\Windows\system32\WINNSI.DLL
0x00000000f87b0000 - 0x00000000f87df000 	C:\Program Files\Common Files\Microsoft Shared\Windows Live\WLIDNSP.DLL
0x00000000fcbb0000 - 0x00000000fcbb7000 	C:\Windows\System32\wshtcpip.dll
0x00000000f8780000 - 0x00000000f8788000 	C:\Windows\system32\rasadhlp.dll
0x00000000fa4c0000 - 0x00000000fa513000 	C:\Windows\System32\fwpuclnt.dll
0x000000006d130000 - 0x000000006d141000 	C:\Program Files\Java\jdk1.7.0_05\jre\bin\nio.dll

VM Arguments:
jvm_args: -Dfile.encoding=UTF-8 
java_command: fortbuilder.FortBuilder
Launcher Type: SUN_STANDARD

Environment Variables:
PATH=C:\Program Files (x86)\NVIDIA Corporation\PhysX\Common;C:\Program Files\Common Files\Microsoft Shared\Windows Live;C:\Program Files (x86)\Common Files\Microsoft Shared\Windows Live;C:\Windows\system32;C:\Windows;C:\Windows\System32\Wbem;C:\Windows\System32\WindowsPowerShell\v1.0\;C:\Program Files (x86)\Windows Live\Shared;C:\Program Files\TortoiseSVN\bin
USERNAME=Chris
OS=Windows_NT
PROCESSOR_IDENTIFIER=Intel64 Family 6 Model 42 Stepping 7, GenuineIntel



---------------  S Y S T E M  ---------------

OS: Windows 7 , 64 bit Build 7600 

CPU:total 8 (4 cores per cpu, 2 threads per core) family 6 model 42 stepping 7, cmov, cx8, fxsr, mmx, sse, sse2, sse3, ssse3, sse4.1, sse4.2, popcnt, ht, tsc, tscinvbit

Memory: 4k page, physical 12498040k(5712204k free), swap 24994180k(15992912k free)

vm_info: Java HotSpot(TM) 64-Bit Server VM (23.1-b03) for windows-amd64 JRE (1.7.0_05-b06), built on Jun 27 2012 00:54:58 by "java_re" with unknown MS VC++:1600

time: Sun Dec 08 17:42:07 2013
elapsed time: 2 seconds

