#
# A fatal error has been detected by the Java Runtime Environment:
#
#  EXCEPTION_ACCESS_VIOLATION (0xc0000005) at pc=0x0000000002a27d88, pid=8232, tid=7792
#
# JRE version: 7.0_05-b06
# Java VM: Java HotSpot(TM) 64-Bit Server VM (23.1-b03 mixed mode windows-amd64 compressed oops)
# Problematic frame:
# J  fortbuilder.FortBuilder.gameUpdate()V
#
# Failed to write core dump. Minidumps are not enabled by default on client versions of Windows
#
# If you would like to submit a bug report, please visit:
#   http://bugreport.sun.com/bugreport/crash.jsp
#

---------------  T H R E A D  ---------------

Current thread (0x000000001105c000):  JavaThread "Thread-3" [_thread_in_Java, id=7792, stack(0x00000000159b0000,0x0000000015ab0000)]

siginfo: ExceptionCode=0xc0000005, reading address 0x0000000000000014

Registers:
RAX=0x0000000000000008, RBX=0x0000000000000007, RCX=0x00000000f8134770, RDX=0x00000000c08a3380
RSP=0x0000000015aaf2a0, RBP=0x00000000f811472a, RSI=0x0000000003e04d1d, RDI=0x00000000f8134770
R8 =0x00000000c08a3950, R9 =0x0000000000000001, R10=0x0000000000000026, R11=0x0000000000000027
R12=0x0000000000000000, R13=0x0000000000000027, R14=0x00000000c07298b8, R15=0x000000001105c000
RIP=0x0000000002a27d88, EFLAGS=0x0000000000010202

Top of Stack: (sp=0x0000000015aaf2a0)
0x0000000015aaf2a0:   00000007c0748e20 00000000029aacca
0x0000000015aaf2b0:   0000000015aaf2b0 0000000002a27a50
0x0000000015aaf2c0:   0000000700000027 00000007c07298b8
0x0000000015aaf2d0:   0000002800000006 0000000000000010
0x0000000015aaf2e0:   00000007c0f496b8 00000007c0998f20
0x0000000015aaf2f0:   0000000015aaf358 00000000029961f8
0x0000000015aaf300:   0000000015aaf358 00000000029961f8
0x0000000015aaf310:   00000007c07298b8 0000000015aaf318
0x0000000015aaf320:   000000073c457cdc 0000000015aaf3b8
0x0000000015aaf330:   000000073c4bbb78 0000000000000000
0x0000000015aaf340:   000000073c457d88 0000000015aaf310
0x0000000015aaf350:   0000000015aaf3b8 0000000015aaf400
0x0000000015aaf360:   00000000029968a6 00000007c0f49378
0x0000000015aaf370:   00000000000599d3 0000000000000000
0x0000000015aaf380:   00011a864dc94e80 0000000000000000
0x0000000015aaf390:   000000000153158e 0000000000000000 

Instructions: (pc=0x0000000002a27d88)
0x0000000002a27d68:   45 3b d9 0f 83 9c 02 00 00 4d 8d 04 ec 45 8b 4c
0x0000000002a27d78:   b8 14 45 85 c9 0f 84 27 02 00 00 43 8b 7c 98 10
0x0000000002a27d88:   47 8b 44 cc 0c 45 85 c0 0f 84 93 fe ff ff 8b 6c
0x0000000002a27d98:   9a 0c 45 8b 4c ec 0c 45 3b d9 0f 83 a5 02 00 00 


Register to memory mapping:

RAX=0x0000000000000008 is an unknown value
RBX=0x0000000000000007 is an unknown value
RCX=0x00000000f8134770 is an unknown value
RDX=0x00000000c08a3380 is an oop
[[Lfortbuilder.Block; 
 - klass: 'fortbuilder/Block'[][]
 - length: 60
RSP=0x0000000015aaf2a0 is pointing into the stack for thread: 0x000000001105c000
RBP=0x00000000f811472a is an unknown value
RSI=0x0000000003e04d1d is an unknown value
RDI=0x00000000f8134770 is an unknown value
R8 =0x00000000c08a3950 is an oop
[Lfortbuilder.Block; 
 - klass: 'fortbuilder/Block'[]
 - length: 40
R9 =0x0000000000000001 is an unknown value
R10=0x0000000000000026 is an unknown value
R11=0x0000000000000027 is an unknown value
R12=0x0000000000000000 is an unknown value
R13=0x0000000000000027 is an unknown value
R14=0x00000000c07298b8 is an oop
fortbuilder.FortBuilder 
 - klass: 'fortbuilder/FortBuilder'
R15=0x000000001105c000 is a thread


Stack: [0x00000000159b0000,0x0000000015ab0000],  sp=0x0000000015aaf2a0,  free space=1020k
Native frames: (J=compiled Java code, j=interpreted, Vv=VM code, C=native code)
J  fortbuilder.FortBuilder.gameUpdate()V


---------------  P R O C E S S  ---------------

Java Threads: ( => current thread )
  0x00000000025ec800 JavaThread "DestroyJavaVM" [_thread_blocked, id=9088, stack(0x0000000002890000,0x0000000002990000)]
=>0x000000001105c000 JavaThread "Thread-3" [_thread_in_Java, id=7792, stack(0x00000000159b0000,0x0000000015ab0000)]
  0x0000000010efe800 JavaThread "D3D Screen Updater" daemon [_thread_blocked, id=9152, stack(0x00000000147a0000,0x00000000148a0000)]
  0x0000000010ed3800 JavaThread "AWT-EventQueue-0" [_thread_blocked, id=7280, stack(0x0000000014360000,0x0000000014460000)]
  0x0000000010e87800 JavaThread "AWT-Windows" daemon [_thread_in_native, id=3196, stack(0x0000000011e80000,0x0000000011f80000)]
  0x0000000010e85000 JavaThread "AWT-Shutdown" [_thread_blocked, id=8752, stack(0x0000000011c80000,0x0000000011d80000)]
  0x0000000010e84000 JavaThread "Java2D Disposer" daemon [_thread_blocked, id=6788, stack(0x0000000011b80000,0x0000000011c80000)]
  0x0000000010d3d800 JavaThread "Service Thread" daemon [_thread_blocked, id=9076, stack(0x00000000117c0000,0x00000000118c0000)]
  0x0000000010d34800 JavaThread "C2 CompilerThread1" daemon [_thread_blocked, id=8520, stack(0x0000000011630000,0x0000000011730000)]
  0x0000000010d2b800 JavaThread "C2 CompilerThread0" daemon [_thread_blocked, id=1256, stack(0x0000000011500000,0x0000000011600000)]
  0x0000000010d2a800 JavaThread "Attach Listener" daemon [_thread_blocked, id=5472, stack(0x00000000113a0000,0x00000000114a0000)]
  0x000000000ed0f800 JavaThread "Signal Dispatcher" daemon [_thread_blocked, id=8812, stack(0x0000000011250000,0x0000000011350000)]
  0x000000000eccf000 JavaThread "Finalizer" daemon [_thread_blocked, id=6720, stack(0x0000000010be0000,0x0000000010ce0000)]
  0x000000000ecce000 JavaThread "Reference Handler" daemon [_thread_blocked, id=7032, stack(0x0000000010a90000,0x0000000010b90000)]

Other Threads:
  0x000000000ecc6000 VMThread [stack: 0x00000000108b0000,0x00000000109b0000] [id=4984]
  0x0000000010d50800 WatcherThread [stack: 0x00000000118d0000,0x00000000119d0000] [id=8236]

VM state:not at safepoint (normal execution)

VM Mutex/Monitor currently owned by a thread: None

Heap
 PSYoungGen      total 56960K, used 10040K [0x00000000c06b0000, 0x00000000c4640000, 0x0000000000000000)
  eden space 48832K, 20% used [0x00000000c06b0000,0x00000000c107e1f0,0x00000000c3660000)
  from space 8128K, 0% used [0x00000000c3e50000,0x00000000c3e50000,0x00000000c4640000)
  to   space 8128K, 0% used [0x00000000c3660000,0x00000000c3660000,0x00000000c3e50000)
 ParOldGen       total 130240K, used 0K [0x0000000041400000, 0x0000000049330000, 0x00000000c06b0000)
  object space 130240K, 0% used [0x0000000041400000,0x0000000041400000,0x0000000049330000)
 PSPermGen       total 21248K, used 9100K [0x000000003c200000, 0x000000003d6c0000, 0x0000000041400000)
  object space 21248K, 42% used [0x000000003c200000,0x000000003cae33a0,0x000000003d6c0000)

Code Cache  [0x0000000002990000, 0x0000000002c00000, 0x0000000005990000)
 total_blobs=473 nmethods=72 adapters=352 free_code_cache=48548Kb largest_free_block=49693120

Compilation events (10 events):
Event: 18.650 Thread 0x0000000010d34800 nmethod 63 0x0000000002a246d0 code [0x0000000002a24800, 0x0000000002a248b8]
Event: 18.651 Thread 0x0000000010d2b800 nmethod 65 0x0000000002a24450 code [0x0000000002a24580, 0x0000000002a24618]
Event: 18.693 Thread 0x0000000010d34800   66             java.util.ArrayList::get (11 bytes)
Event: 18.693 Thread 0x0000000010d34800 nmethod 66 0x0000000002a2a390 code [0x0000000002a2a4c0, 0x0000000002a2a578]
Event: 22.563 Thread 0x0000000010d2b800   68             java.awt.EventQueue::noEvents (29 bytes)
Event: 22.565 Thread 0x0000000010d2b800 nmethod 68 0x0000000002a21590 code [0x0000000002a216c0, 0x0000000002a217b8]
Event: 22.719 Thread 0x0000000010d34800   69             java.lang.Math::min (11 bytes)
Event: 22.719 Thread 0x0000000010d34800 nmethod 69 0x0000000002a25ed0 code [0x0000000002a26000, 0x0000000002a26058]
Event: 24.279 Thread 0x0000000010d2b800    3 %           fortbuilder.FortBuilder::gameUpdate @ 12 (337 bytes)
Event: 24.292 Thread 0x0000000010d2b800 nmethod 3% 0x0000000002a27a50 code [0x0000000002a27be0, 0x0000000002a28188]

GC Heap History (0 events):
No events

Deoptimization events (5 events):
Event: 3.084 Thread 0x0000000010ed3800 Uncommon trap -83 fr.pc 0x0000000002a15c84
Event: 3.084 Thread 0x0000000010ed3800 Uncommon trap -83 fr.pc 0x0000000002a120a4
Event: 24.278 Thread 0x000000001105c000 Uncommon trap -10 fr.pc 0x0000000002a192b8
Event: 24.279 Thread 0x000000001105c000 Uncommon trap -10 fr.pc 0x0000000002a192b8
Event: 24.279 Thread 0x000000001105c000 Uncommon trap -10 fr.pc 0x0000000002a192b8

Internal exceptions (10 events):
Event: 24.289 Thread 0x000000001105c000 Threw 0x00000000c0f476b8 at C:\jdk7u1_64p\jdk7u5\hotspot\src\share\vm\interpreter\interpreterRuntime.cpp:347
Event: 24.289 Thread 0x000000001105c000 Threw 0x00000000c0f47a50 at C:\jdk7u1_64p\jdk7u5\hotspot\src\share\vm\interpreter\interpreterRuntime.cpp:347
Event: 24.290 Thread 0x000000001105c000 Threw 0x00000000c0f47de8 at C:\jdk7u1_64p\jdk7u5\hotspot\src\share\vm\interpreter\interpreterRuntime.cpp:347
Event: 24.290 Thread 0x000000001105c000 Threw 0x00000000c0f48180 at C:\jdk7u1_64p\jdk7u5\hotspot\src\share\vm\interpreter\interpreterRuntime.cpp:347
Event: 24.291 Thread 0x000000001105c000 Threw 0x00000000c0f48518 at C:\jdk7u1_64p\jdk7u5\hotspot\src\share\vm\interpreter\interpreterRuntime.cpp:347
Event: 24.291 Thread 0x000000001105c000 Threw 0x00000000c0f488b0 at C:\jdk7u1_64p\jdk7u5\hotspot\src\share\vm\interpreter\interpreterRuntime.cpp:347
Event: 24.291 Thread 0x000000001105c000 Threw 0x00000000c0f48c48 at C:\jdk7u1_64p\jdk7u5\hotspot\src\share\vm\interpreter\interpreterRuntime.cpp:347
Event: 24.292 Thread 0x000000001105c000 Threw 0x00000000c0f48fe0 at C:\jdk7u1_64p\jdk7u5\hotspot\src\share\vm\interpreter\interpreterRuntime.cpp:347
Event: 24.292 Thread 0x000000001105c000 Threw 0x00000000c0f49378 at C:\jdk7u1_64p\jdk7u5\hotspot\src\share\vm\interpreter\interpreterRuntime.cpp:347
Event: 24.292 Thread 0x000000001105c000 Implicit null exception at 0x0000000002a27d88 to 0x0000000000000000

Events (10 events):
Event: 3.084 Thread 0x0000000010ed3800 DEOPT PACKING pc=0x0000000002a120a4 sp=0x000000001445e330
Event: 3.084 Thread 0x0000000010ed3800 DEOPT UNPACKING pc=0x00000000029c9164 sp=0x000000001445e2e0 mode 2
Event: 4.038 Executing VM operation: EnableBiasedLocking
Event: 4.038 Executing VM operation: EnableBiasedLocking done
Event: 24.278 Thread 0x000000001105c000 DEOPT PACKING pc=0x0000000002a192b8 sp=0x0000000015aaf2b0
Event: 24.278 Thread 0x000000001105c000 DEOPT UNPACKING pc=0x00000000029c9164 sp=0x0000000015aaf268 mode 2
Event: 24.279 Thread 0x000000001105c000 DEOPT PACKING pc=0x0000000002a192b8 sp=0x0000000015aaf2b0
Event: 24.279 Thread 0x000000001105c000 DEOPT UNPACKING pc=0x00000000029c9164 sp=0x0000000015aaf268 mode 2
Event: 24.279 Thread 0x000000001105c000 DEOPT PACKING pc=0x0000000002a192b8 sp=0x0000000015aaf2b0
Event: 24.279 Thread 0x000000001105c000 DEOPT UNPACKING pc=0x00000000029c9164 sp=0x0000000015aaf268 mode 2


Dynamic libraries:
0x000000003fdb0000 - 0x000000003fde3000 	C:\Program Files\Java\jdk1.7.0_05\bin\java.exe
0x0000000077ad0000 - 0x0000000077c7b000 	C:\Windows\SYSTEM32\ntdll.dll
0x00000000778b0000 - 0x00000000779cf000 	C:\Windows\system32\kernel32.dll
0x00000000fdcf0000 - 0x00000000fdd5b000 	C:\Windows\system32\KERNELBASE.dll
0x00000000ff960000 - 0x00000000ffa3b000 	C:\Windows\system32\ADVAPI32.dll
0x00000000fe5a0000 - 0x00000000fe63f000 	C:\Windows\system32\msvcrt.dll
0x00000000fe3d0000 - 0x00000000fe3ef000 	C:\Windows\SYSTEM32\sechost.dll
0x00000000ff680000 - 0x00000000ff7ae000 	C:\Windows\system32\RPCRT4.dll
0x00000000779d0000 - 0x0000000077aca000 	C:\Windows\system32\USER32.dll
0x00000000ff400000 - 0x00000000ff467000 	C:\Windows\system32\GDI32.dll
0x00000000ff5f0000 - 0x00000000ff5fe000 	C:\Windows\system32\LPK.dll
0x00000000fe3f0000 - 0x00000000fe4ba000 	C:\Windows\system32\USP10.dll
0x00000000fc140000 - 0x00000000fc334000 	C:\Windows\WinSxS\amd64_microsoft.windows.common-controls_6595b64144ccf1df_6.0.7600.16385_none_fa645303170382f6\COMCTL32.dll
0x00000000ff600000 - 0x00000000ff671000 	C:\Windows\system32\SHLWAPI.dll
0x00000000fe640000 - 0x00000000fe66e000 	C:\Windows\system32\IMM32.DLL
0x00000000ff7b0000 - 0x00000000ff8b9000 	C:\Windows\system32\MSCTF.dll
0x00000000fd460000 - 0x00000000fd4a4000 	C:\Windows\system32\nvinitx.dll
0x00000000791c0000 - 0x0000000079291000 	C:\Program Files\Java\jdk1.7.0_05\jre\bin\msvcr100.dll
0x000000006d340000 - 0x000000006da5a000 	C:\Program Files\Java\jdk1.7.0_05\jre\bin\server\jvm.dll
0x00000000f3030000 - 0x00000000f3039000 	C:\Windows\system32\WSOCK32.dll
0x00000000ffa40000 - 0x00000000ffa8d000 	C:\Windows\system32\WS2_32.dll
0x00000000fe3a0000 - 0x00000000fe3a8000 	C:\Windows\system32\NSI.dll
0x00000000fb260000 - 0x00000000fb29b000 	C:\Windows\system32\WINMM.dll
0x0000000077c90000 - 0x0000000077c97000 	C:\Windows\system32\PSAPI.DLL
0x000000006d1b0000 - 0x000000006d1bf000 	C:\Program Files\Java\jdk1.7.0_05\jre\bin\verify.dll
0x000000006cf80000 - 0x000000006cfa8000 	C:\Program Files\Java\jdk1.7.0_05\jre\bin\java.dll
0x000000006cea0000 - 0x000000006ceb5000 	C:\Program Files\Java\jdk1.7.0_05\jre\bin\zip.dll
0x00000000119d0000 - 0x0000000011b64000 	C:\Program Files\Java\jdk1.7.0_05\jre\bin\awt.dll
0x00000000fe4c0000 - 0x00000000fe597000 	C:\Windows\system32\OLEAUT32.dll
0x00000000fe190000 - 0x00000000fe391000 	C:\Windows\system32\ole32.dll
0x00000000fca70000 - 0x00000000fca88000 	C:\Windows\system32\DWMAPI.DLL
0x00000000fbf60000 - 0x00000000fbfb6000 	C:\Windows\system32\uxtheme.dll
0x00000000fd880000 - 0x00000000fd88f000 	C:\Windows\system32\CRYPTBASE.dll
0x00000000e82a0000 - 0x00000000e849f000 	C:\Windows\system32\d3d9.dll
0x00000000fcae0000 - 0x00000000fcaec000 	C:\Windows\system32\VERSION.dll
0x00000000f6d50000 - 0x00000000f6d57000 	C:\Windows\system32\d3d8thk.dll
0x00000000e0430000 - 0x00000000e1519000 	C:\Windows\system32\nvd3dumx.dll
0x00000000fc7b0000 - 0x00000000fc7dc000 	C:\Windows\system32\powrprof.dll
0x00000000fdfb0000 - 0x00000000fe187000 	C:\Windows\system32\SETUPAPI.dll
0x00000000fdb00000 - 0x00000000fdb36000 	C:\Windows\system32\CFGMGR32.dll
0x00000000fdae0000 - 0x00000000fdafa000 	C:\Windows\system32\DEVOBJ.dll
0x00000000fe670000 - 0x00000000ff3f6000 	C:\Windows\system32\SHELL32.dll
0x000000006d170000 - 0x000000006d1a4000 	C:\Program Files\Java\jdk1.7.0_05\jre\bin\fontmanager.dll
0x00000000ff8c0000 - 0x00000000ff959000 	C:\Windows\system32\CLBCatQ.DLL
0x00000000fd4d0000 - 0x00000000fd4e7000 	C:\Windows\system32\CRYPTSP.dll
0x00000000fcf40000 - 0x00000000fcf87000 	C:\Windows\system32\rsaenh.dll
0x00000000fccd0000 - 0x00000000fccee000 	C:\Windows\system32\USERENV.dll
0x00000000fda30000 - 0x00000000fda3f000 	C:\Windows\system32\profapi.dll
0x0000000002020000 - 0x0000000002039000 	C:\Program Files\Java\jdk1.7.0_05\jre\bin\net.dll
0x00000000fd1d0000 - 0x00000000fd224000 	C:\Windows\system32\mswsock.dll
0x00000000fd4c0000 - 0x00000000fd4c7000 	C:\Windows\System32\wship6.dll
0x00000000fb2a0000 - 0x00000000fb2b5000 	C:\Windows\system32\NLAapi.dll
0x00000000fd060000 - 0x00000000fd0bb000 	C:\Windows\system32\DNSAPI.dll
0x00000000f6b70000 - 0x00000000f6b7b000 	C:\Windows\System32\winrnr.dll
0x00000000f6b50000 - 0x00000000f6b65000 	C:\Windows\system32\napinsp.dll
0x00000000f6b30000 - 0x00000000f6b49000 	C:\Windows\system32\pnrpnsp.dll
0x00000000721f0000 - 0x0000000072216000 	C:\Program Files\Bonjour\mdnsNSP.dll
0x00000000fa620000 - 0x00000000fa647000 	C:\Windows\system32\Iphlpapi.DLL
0x00000000fb020000 - 0x00000000fb02b000 	C:\Windows\system32\WINNSI.DLL
0x00000000f87b0000 - 0x00000000f87df000 	C:\Program Files\Common Files\Microsoft Shared\Windows Live\WLIDNSP.DLL
0x00000000fcbb0000 - 0x00000000fcbb7000 	C:\Windows\System32\wshtcpip.dll
0x00000000f8780000 - 0x00000000f8788000 	C:\Windows\system32\rasadhlp.dll
0x00000000fa4c0000 - 0x00000000fa513000 	C:\Windows\System32\fwpuclnt.dll
0x000000006d130000 - 0x000000006d141000 	C:\Program Files\Java\jdk1.7.0_05\jre\bin\nio.dll

VM Arguments:
jvm_args: -Dfile.encoding=UTF-8 
java_command: fortbuilder.FortBuilder
Launcher Type: SUN_STANDARD

Environment Variables:
PATH=C:\Program Files (x86)\NVIDIA Corporation\PhysX\Common;C:\Program Files\Common Files\Microsoft Shared\Windows Live;C:\Program Files (x86)\Common Files\Microsoft Shared\Windows Live;C:\Windows\system32;C:\Windows;C:\Windows\System32\Wbem;C:\Windows\System32\WindowsPowerShell\v1.0\;C:\Program Files (x86)\Windows Live\Shared;C:\Program Files\TortoiseSVN\bin
USERNAME=Chris
OS=Windows_NT
PROCESSOR_IDENTIFIER=Intel64 Family 6 Model 42 Stepping 7, GenuineIntel



---------------  S Y S T E M  ---------------

OS: Windows 7 , 64 bit Build 7600 

CPU:total 8 (4 cores per cpu, 2 threads per core) family 6 model 42 stepping 7, cmov, cx8, fxsr, mmx, sse, sse2, sse3, ssse3, sse4.1, sse4.2, popcnt, ht, tsc, tscinvbit

Memory: 4k page, physical 12498040k(5699344k free), swap 24994180k(16007656k free)

vm_info: Java HotSpot(TM) 64-Bit Server VM (23.1-b03) for windows-amd64 JRE (1.7.0_05-b06), built on Jun 27 2012 00:54:58 by "java_re" with unknown MS VC++:1600

time: Sun Dec 08 17:45:27 2013
elapsed time: 24 seconds

